This file contains any messages produced by compilers while
running configure, to aid debugging if configure makes a mistake.

It was created by gst-projectM configure 1.0.0, which was
generated by GNU Autoconf 2.69.  Invocation command line was

  $ ./configure 

## --------- ##
## Platform. ##
## --------- ##

hostname = unionsq.local
uname -m = x86_64
uname -r = 18.5.0
uname -s = Darwin
uname -v = Darwin Kernel Version 18.5.0: Mon Mar 11 20:40:32 PDT 2019; root:xnu-4903.251.3~3/RELEASE_X86_64

/usr/bin/uname -p = i386
/bin/uname -X     = unknown

/bin/arch              = unknown
/usr/bin/arch -k       = unknown
/usr/convex/getsysinfo = unknown
/usr/bin/hostinfo      = Mach kernel version:
	 Darwin Kernel Version 18.5.0: Mon Mar 11 20:40:32 PDT 2019; root:xnu-4903.251.3~3/RELEASE_X86_64
Kernel configured for up to 8 processors.
4 processors are physically available.
8 processors are logically available.
Processor type: x86_64h (Intel x86-64h Haswell)
Processors active: 0 1 2 3 4 5 6 7
Primary memory available: 16.00 gigabytes
Default processor set: 573 tasks, 3027 threads, 8 processors
Load average: 2.25, Mach factor: 5.73
/bin/machine           = unknown
/usr/bin/oslevel       = unknown
/bin/universe          = unknown

PATH: /Users/cyber/.rbenv/shims
PATH: /Users/cyber/.rbenv/bin
PATH: /usr/bin
PATH: /bin
PATH: /usr/sbin
PATH: /sbin
PATH: /Applications/Postgres.app/Contents/Versions/latest/bin
PATH: /usr/local/pgsql/
PATH: /Users/cyber/local/bin
PATH: /usr/local/bin
PATH: /Users/cyber/dev/go/bin
PATH: /Applications/Postgres.app/Contents/Versions/latest/bin
PATH: /usr/local/pgsql/
PATH: /Users/cyber/local/bin
PATH: /usr/local/bin
PATH: /Users/cyber/.yarn/bin
PATH: /Library/TeX/texbin
PATH: /Library/Frameworks/Python.framework/Versions/3.7/bin
PATH: /Users/cyber/Library/Python/3.7/bin
PATH: /Users/cyber/.yarn/bin
PATH: /Users/cyber/.config/yarn/global/node_modules/.bin
PATH: /Users/cyber/dev/Qt/5.12.1/clang_64/bin


## ----------- ##
## Core tests. ##
## ----------- ##

configure:2199: checking for a BSD-compatible install
configure:2267: result: /usr/bin/install -c
configure:2278: checking whether build environment is sane
configure:2333: result: yes
configure:2484: checking for a thread-safe mkdir -p
configure:2523: result: ./../../install-sh -c -d
configure:2530: checking for gawk
configure:2560: result: no
configure:2530: checking for mawk
configure:2560: result: no
configure:2530: checking for nawk
configure:2560: result: no
configure:2530: checking for awk
configure:2546: found /usr/bin/awk
configure:2557: result: awk
configure:2568: checking whether make sets $(MAKE)
configure:2590: result: yes
configure:2619: checking whether make supports nested variables
configure:2636: result: yes
configure:2765: checking whether to enable maintainer-specific portions of Makefiles
configure:2774: result: yes
configure:2836: checking for gcc
configure:2852: found /usr/bin/gcc
configure:2863: result: gcc
configure:3092: checking for C compiler version
configure:3101: gcc --version >&5
Apple LLVM version 10.0.1 (clang-1001.0.46.4)
Target: x86_64-apple-darwin18.5.0
Thread model: posix
InstalledDir: /Applications/Xcode.app/Contents/Developer/Toolchains/XcodeDefault.xctoolchain/usr/bin
Configured with: --prefix=/Applications/Xcode.app/Contents/Developer/usr --with-gxx-include-dir=/Applications/Xcode.app/Contents/Developer/Platforms/MacOSX.platform/Developer/SDKs/MacOSX10.14.sdk/usr/include/c++/4.2.1
configure:3112: $? = 0
configure:3101: gcc -v >&5
Configured with: --prefix=/Applications/Xcode.app/Contents/Developer/usr --with-gxx-include-dir=/Applications/Xcode.app/Contents/Developer/Platforms/MacOSX.platform/Developer/SDKs/MacOSX10.14.sdk/usr/include/c++/4.2.1
Apple LLVM version 10.0.1 (clang-1001.0.46.4)
Target: x86_64-apple-darwin18.5.0
Thread model: posix
InstalledDir: /Applications/Xcode.app/Contents/Developer/Toolchains/XcodeDefault.xctoolchain/usr/bin
configure:3112: $? = 0
configure:3101: gcc -V >&5
clang: error: unsupported option '-V -Wno-atomic-implicit-seq-cst'
clang: error: no input files
configure:3112: $? = 1
configure:3101: gcc -qversion >&5
clang: error: unknown argument '-qversion', did you mean '--version'?
clang: error: no input files
configure:3112: $? = 1
configure:3132: checking whether the C compiler works
configure:3154: gcc    conftest.c  >&5
configure:3158: $? = 0
configure:3206: result: yes
configure:3209: checking for C compiler default output file name
configure:3211: result: a.out
configure:3217: checking for suffix of executables
configure:3224: gcc -o conftest    conftest.c  >&5
configure:3228: $? = 0
configure:3250: result: 
configure:3272: checking whether we are cross compiling
configure:3280: gcc -o conftest    conftest.c  >&5
configure:3284: $? = 0
configure:3291: ./conftest
configure:3295: $? = 0
configure:3310: result: no
configure:3315: checking for suffix of object files
configure:3337: gcc -c   conftest.c >&5
configure:3341: $? = 0
configure:3362: result: o
configure:3366: checking whether we are using the GNU C compiler
configure:3385: gcc -c   conftest.c >&5
configure:3385: $? = 0
configure:3394: result: yes
configure:3403: checking whether gcc accepts -g
configure:3423: gcc -c -g  conftest.c >&5
configure:3423: $? = 0
configure:3464: result: yes
configure:3481: checking for gcc option to accept ISO C89
configure:3544: gcc  -c -g -O2  conftest.c >&5
configure:3544: $? = 0
configure:3557: result: none needed
configure:3582: checking whether gcc understands -c and -o together
configure:3604: gcc -c conftest.c -o conftest2.o
configure:3607: $? = 0
configure:3604: gcc -c conftest.c -o conftest2.o
configure:3607: $? = 0
configure:3619: result: yes
configure:3647: checking for style of include used by make
configure:3675: result: GNU
configure:3701: checking dependency style of gcc
configure:3812: result: gcc3
configure:3859: checking build system type
configure:3873: result: x86_64-apple-darwin18.5.0
configure:3893: checking host system type
configure:3906: result: x86_64-apple-darwin18.5.0
configure:3947: checking how to print strings
configure:3974: result: printf
configure:3995: checking for a sed that does not truncate output
configure:4059: result: /usr/local/bin/gsed
configure:4077: checking for grep that handles long lines and -e
configure:4135: result: /usr/bin/grep
configure:4140: checking for egrep
configure:4202: result: /usr/bin/grep -E
configure:4207: checking for fgrep
configure:4269: result: /usr/bin/grep -F
configure:4304: checking for ld used by gcc
configure:4371: result: /Applications/Xcode.app/Contents/Developer/Toolchains/XcodeDefault.xctoolchain/usr/bin/ld
configure:4378: checking if the linker (/Applications/Xcode.app/Contents/Developer/Toolchains/XcodeDefault.xctoolchain/usr/bin/ld) is GNU ld
configure:4393: result: no
configure:4405: checking for BSD- or MS-compatible name lister (nm)
configure:4459: result: /usr/bin/nm -B
configure:4589: checking the name lister (/usr/bin/nm -B) interface
configure:4596: gcc -c -g -O2  conftest.c >&5
configure:4599: /usr/bin/nm -B "conftest.o"
configure:4602: output
00000000000001d8 S _some_variable
configure:4609: result: BSD nm
configure:4612: checking whether ln -s works
configure:4616: result: yes
configure:4624: checking the maximum length of command line arguments
configure:4755: result: 196608
configure:4803: checking how to convert x86_64-apple-darwin18.5.0 file names to x86_64-apple-darwin18.5.0 format
configure:4843: result: func_convert_file_noop
configure:4850: checking how to convert x86_64-apple-darwin18.5.0 file names to toolchain format
configure:4870: result: func_convert_file_noop
configure:4877: checking for /Applications/Xcode.app/Contents/Developer/Toolchains/XcodeDefault.xctoolchain/usr/bin/ld option to reload object files
configure:4884: result: -r
configure:4958: checking for objdump
configure:4974: found /usr/bin/objdump
configure:4985: result: objdump
configure:5017: checking how to recognize dependent libraries
configure:5217: result: pass_all
configure:5302: checking for dlltool
configure:5332: result: no
configure:5362: checking how to associate runtime and link libraries
configure:5389: result: printf %s\n
configure:5450: checking for ar
configure:5466: found /usr/bin/ar
configure:5477: result: ar
configure:5514: checking for archiver @FILE support
configure:5531: gcc -c -g -O2  conftest.c >&5
configure:5531: $? = 0
configure:5534: ar cru libconftest.a @conftest.lst >&5
ar: @conftest.lst: No such file or directory
configure:5537: $? = 1
configure:5557: result: no
configure:5615: checking for strip
configure:5631: found /usr/bin/strip
configure:5642: result: strip
configure:5714: checking for ranlib
configure:5730: found /usr/bin/ranlib
configure:5741: result: ranlib
configure:5843: checking command to parse /usr/bin/nm -B output from gcc object
configure:5996: gcc -c -g -O2  conftest.c >&5
configure:5999: $? = 0
configure:6003: /usr/bin/nm -B conftest.o \| sed -n -e 's/^.*[ ]\([BCDEGRST][BCDEGRST]*\)[ ][ ]*\([_A-Za-z][_A-Za-z0-9]*\)$/\1 \2 \2/p' | sed '/ __gnu_lto/d' \> conftest.nm
configure:6006: $? = 0
cannot find nm_test_var in conftest.nm
configure:5996: gcc -c -g -O2  conftest.c >&5
configure:5999: $? = 0
configure:6003: /usr/bin/nm -B conftest.o \| sed -n -e 's/^.*[ ]\([BCDEGRST][BCDEGRST]*\)[ ][ ]*_\([_A-Za-z][_A-Za-z0-9]*\)$/\1 _\2 \2/p' | sed '/ __gnu_lto/d' \> conftest.nm
configure:6006: $? = 0
configure:6072: gcc -o conftest -g -O2   conftest.c conftstm.o >&5
warning: (x86_64)  could not find object file symbol for symbol _main
configure:6075: $? = 0
configure:6113: result: ok
configure:6160: checking for sysroot
configure:6190: result: no
configure:6197: checking for a working dd
configure:6235: result: /bin/dd
configure:6239: checking how to truncate binary pipes
configure:6254: result: /bin/dd bs=4096 count=1
configure:6583: checking for mt
configure:6613: result: no
configure:6633: checking if : is a manifest tool
configure:6639: : '-?'
configure:6647: result: no
configure:6703: checking for dsymutil
configure:6719: found /usr/bin/dsymutil
configure:6730: result: dsymutil
configure:6795: checking for nmedit
configure:6811: found /usr/bin/nmedit
configure:6822: result: nmedit
configure:6887: checking for lipo
configure:6903: found /usr/bin/lipo
configure:6914: result: lipo
configure:6979: checking for otool
configure:6995: found /usr/bin/otool
configure:7006: result: otool
configure:7071: checking for otool64
configure:7101: result: no
configure:7146: checking for -single_module linker flag
gcc -g -O2  -o libconftest.dylib -dynamiclib -Wl,-single_module conftest.c
configure:7179: result: yes
configure:7182: checking for -exported_symbols_list linker flag
configure:7202: gcc -o conftest -g -O2   -Wl,-exported_symbols_list,conftest.sym conftest.c  >&5
configure:7202: $? = 0
configure:7212: result: yes
configure:7215: checking for -force_load linker flag
gcc -g -O2 -c -o conftest.o conftest.c
ar cru libconftest.a conftest.o
ranlib libconftest.a
gcc -g -O2  -o conftest conftest.c -Wl,-force_load,./libconftest.a
configure:7247: result: yes
configure:7324: checking how to run the C preprocessor
configure:7355: gcc -E  conftest.c
configure:7355: $? = 0
configure:7369: gcc -E  conftest.c
conftest.c:11:10: fatal error: 'ac_nonexistent.h' file not found
#include <ac_nonexistent.h>
         ^~~~~~~~~~~~~~~~~~
1 error generated.
configure:7369: $? = 1
configure: failed program was:
| /* confdefs.h */
| #define PACKAGE_NAME "gst-projectM"
| #define PACKAGE_TARNAME "gst-projectm"
| #define PACKAGE_VERSION "1.0.0"
| #define PACKAGE_STRING "gst-projectM 1.0.0"
| #define PACKAGE_BUGREPORT ""
| #define PACKAGE_URL ""
| #define PACKAGE "gst-projectm"
| #define VERSION "1.0.0"
| /* end confdefs.h.  */
| #include <ac_nonexistent.h>
configure:7394: result: gcc -E
configure:7414: gcc -E  conftest.c
configure:7414: $? = 0
configure:7428: gcc -E  conftest.c
conftest.c:11:10: fatal error: 'ac_nonexistent.h' file not found
#include <ac_nonexistent.h>
         ^~~~~~~~~~~~~~~~~~
1 error generated.
configure:7428: $? = 1
configure: failed program was:
| /* confdefs.h */
| #define PACKAGE_NAME "gst-projectM"
| #define PACKAGE_TARNAME "gst-projectm"
| #define PACKAGE_VERSION "1.0.0"
| #define PACKAGE_STRING "gst-projectM 1.0.0"
| #define PACKAGE_BUGREPORT ""
| #define PACKAGE_URL ""
| #define PACKAGE "gst-projectm"
| #define VERSION "1.0.0"
| /* end confdefs.h.  */
| #include <ac_nonexistent.h>
configure:7457: checking for ANSI C header files
configure:7477: gcc -c -g -O2  conftest.c >&5
configure:7477: $? = 0
configure:7550: gcc -o conftest -g -O2   conftest.c  >&5
configure:7550: $? = 0
configure:7550: ./conftest
configure:7550: $? = 0
configure:7561: result: yes
configure:7574: checking for sys/types.h
configure:7574: gcc -c -g -O2  conftest.c >&5
configure:7574: $? = 0
configure:7574: result: yes
configure:7574: checking for sys/stat.h
configure:7574: gcc -c -g -O2  conftest.c >&5
configure:7574: $? = 0
configure:7574: result: yes
configure:7574: checking for stdlib.h
configure:7574: gcc -c -g -O2  conftest.c >&5
configure:7574: $? = 0
configure:7574: result: yes
configure:7574: checking for string.h
configure:7574: gcc -c -g -O2  conftest.c >&5
configure:7574: $? = 0
configure:7574: result: yes
configure:7574: checking for memory.h
configure:7574: gcc -c -g -O2  conftest.c >&5
configure:7574: $? = 0
configure:7574: result: yes
configure:7574: checking for strings.h
configure:7574: gcc -c -g -O2  conftest.c >&5
configure:7574: $? = 0
configure:7574: result: yes
configure:7574: checking for inttypes.h
configure:7574: gcc -c -g -O2  conftest.c >&5
configure:7574: $? = 0
configure:7574: result: yes
configure:7574: checking for stdint.h
configure:7574: gcc -c -g -O2  conftest.c >&5
configure:7574: $? = 0
configure:7574: result: yes
configure:7574: checking for unistd.h
configure:7574: gcc -c -g -O2  conftest.c >&5
configure:7574: $? = 0
configure:7574: result: yes
configure:7588: checking for dlfcn.h
configure:7588: gcc -c -g -O2  conftest.c >&5
configure:7588: $? = 0
configure:7588: result: yes
configure:7844: checking for objdir
configure:7859: result: .libs
configure:8123: checking if gcc supports -fno-rtti -fno-exceptions
configure:8141: gcc -c -g -O2  -fno-rtti -fno-exceptions conftest.c >&5
configure:8145: $? = 0
configure:8158: result: yes
configure:8516: checking for gcc option to produce PIC
configure:8523: result: -fno-common -DPIC
configure:8531: checking if gcc PIC flag -fno-common -DPIC works
configure:8549: gcc -c -g -O2  -fno-common -DPIC -DPIC conftest.c >&5
configure:8553: $? = 0
configure:8566: result: yes
configure:8595: checking if gcc static flag -static works
configure:8623: result: no
configure:8638: checking if gcc supports -c -o file.o
configure:8659: gcc -c -g -O2  -o out/conftest2.o conftest.c >&5
configure:8663: $? = 0
configure:8685: result: yes
configure:8693: checking if gcc supports -c -o file.o
configure:8740: result: yes
configure:8773: checking whether the gcc linker (/Applications/Xcode.app/Contents/Developer/Toolchains/XcodeDefault.xctoolchain/usr/bin/ld) supports shared libraries
configure:10032: result: yes
configure:10272: checking dynamic linker characteristics
configure:11090: result: darwin18.5.0 dyld
configure:11212: checking how to hardcode library paths into programs
configure:11237: result: immediate
configure:11785: checking whether stripping libraries is possible
configure:11799: result: yes
configure:11825: checking if libtool supports shared libraries
configure:11827: result: yes
configure:11830: checking whether to build shared libraries
configure:11855: result: yes
configure:11858: checking whether to build static libraries
configure:11862: result: yes
configure:11902: checking for pkg-config
configure:11918: found /usr/local/bin/pkg-config
configure:11932: result:  
configure:11995: checking for pkg-config
configure:12013: found /usr/local/bin/pkg-config
configure:12025: result: /usr/local/bin/pkg-config
configure:12050: checking pkg-config is at least version 0.9.0
configure:12053: result: yes
configure:12063: checking for GST
configure:12074: $PKG_CONFIG --exists --print-errors "
  gstreamer-1.0 >= $GST_REQUIRED
  gstreamer-base-1.0 >= $GST_REQUIRED
  gstreamer-controller-1.0 >= $GST_REQUIRED
"
configure:12081: $? = 0
configure:12103: $PKG_CONFIG --exists --print-errors "
  gstreamer-1.0 >= $GST_REQUIRED
  gstreamer-base-1.0 >= $GST_REQUIRED
  gstreamer-controller-1.0 >= $GST_REQUIRED
"
configure:12110: $? = 0
configure:12176: result: yes
configure:12184: checking to see if compiler understands -Wall
configure:12199: gcc -c -g -O2 -Wall  conftest.c >&5
configure:12199: $? = 0
configure:12202: result: yes
configure:12334: checking that generated files are newer than configure
configure:12340: result: done
configure:12367: creating ./config.status

## ---------------------- ##
## Running config.status. ##
## ---------------------- ##

This file was extended by gst-projectM config.status 1.0.0, which was
generated by GNU Autoconf 2.69.  Invocation command line was

  CONFIG_FILES    = 
  CONFIG_HEADERS  = 
  CONFIG_LINKS    = 
  CONFIG_COMMANDS = 
  $ ./config.status 

on unionsq.local

config.status:1096: creating Makefile
config.status:1096: creating plugins/Makefile
config.status:1096: creating tools/Makefile
config.status:1096: creating config.h
config.status:1325: executing depfiles commands
config.status:1325: executing libtool commands

## ---------------- ##
## Cache variables. ##
## ---------------- ##

ac_cv_build=x86_64-apple-darwin18.5.0
ac_cv_c_compiler_gnu=yes
ac_cv_env_CC_set=
ac_cv_env_CC_value=
ac_cv_env_CFLAGS_set=
ac_cv_env_CFLAGS_value=
ac_cv_env_CPPFLAGS_set=
ac_cv_env_CPPFLAGS_value=
ac_cv_env_CPP_set=
ac_cv_env_CPP_value=
ac_cv_env_GST_CFLAGS_set=
ac_cv_env_GST_CFLAGS_value=
ac_cv_env_GST_LIBS_set=
ac_cv_env_GST_LIBS_value=
ac_cv_env_LDFLAGS_set=
ac_cv_env_LDFLAGS_value=
ac_cv_env_LIBS_set=
ac_cv_env_LIBS_value=
ac_cv_env_LT_SYS_LIBRARY_PATH_set=
ac_cv_env_LT_SYS_LIBRARY_PATH_value=
ac_cv_env_PKG_CONFIG_LIBDIR_set=
ac_cv_env_PKG_CONFIG_LIBDIR_value=
ac_cv_env_PKG_CONFIG_PATH_set=
ac_cv_env_PKG_CONFIG_PATH_value=
ac_cv_env_PKG_CONFIG_set=
ac_cv_env_PKG_CONFIG_value=
ac_cv_env_build_alias_set=
ac_cv_env_build_alias_value=
ac_cv_env_host_alias_set=
ac_cv_env_host_alias_value=
ac_cv_env_target_alias_set=
ac_cv_env_target_alias_value=
ac_cv_header_dlfcn_h=yes
ac_cv_header_inttypes_h=yes
ac_cv_header_memory_h=yes
ac_cv_header_stdc=yes
ac_cv_header_stdint_h=yes
ac_cv_header_stdlib_h=yes
ac_cv_header_string_h=yes
ac_cv_header_strings_h=yes
ac_cv_header_sys_stat_h=yes
ac_cv_header_sys_types_h=yes
ac_cv_header_unistd_h=yes
ac_cv_host=x86_64-apple-darwin18.5.0
ac_cv_objext=o
ac_cv_path_EGREP='/usr/bin/grep -E'
ac_cv_path_FGREP='/usr/bin/grep -F'
ac_cv_path_GREP=/usr/bin/grep
ac_cv_path_SED=/usr/local/bin/gsed
ac_cv_path_ac_pt_PKG_CONFIG=/usr/local/bin/pkg-config
ac_cv_path_install='/usr/bin/install -c'
ac_cv_path_lt_DD=/bin/dd
ac_cv_prog_AWK=awk
ac_cv_prog_CPP='gcc -E'
ac_cv_prog_HAVE_PKGCONFIG=' '
ac_cv_prog_ac_ct_AR=ar
ac_cv_prog_ac_ct_CC=gcc
ac_cv_prog_ac_ct_DSYMUTIL=dsymutil
ac_cv_prog_ac_ct_LIPO=lipo
ac_cv_prog_ac_ct_NMEDIT=nmedit
ac_cv_prog_ac_ct_OBJDUMP=objdump
ac_cv_prog_ac_ct_OTOOL=otool
ac_cv_prog_ac_ct_RANLIB=ranlib
ac_cv_prog_ac_ct_STRIP=strip
ac_cv_prog_cc_c89=
ac_cv_prog_cc_g=yes
ac_cv_prog_make_make_set=yes
am_cv_CC_dependencies_compiler_type=gcc3
am_cv_make_support_nested_variables=yes
am_cv_prog_cc_c_o=yes
lt_cv_apple_cc_single_mod=yes
lt_cv_ar_at_file=no
lt_cv_deplibs_check_method=pass_all
lt_cv_file_magic_cmd='$MAGIC_CMD'
lt_cv_file_magic_test_file=
lt_cv_ld_exported_symbols_list=yes
lt_cv_ld_force_load=yes
lt_cv_ld_reload_flag=-r
lt_cv_nm_interface='BSD nm'
lt_cv_objdir=.libs
lt_cv_path_LD=/Applications/Xcode.app/Contents/Developer/Toolchains/XcodeDefault.xctoolchain/usr/bin/ld
lt_cv_path_NM='/usr/bin/nm -B'
lt_cv_path_mainfest_tool=no
lt_cv_prog_compiler_c_o=yes
lt_cv_prog_compiler_pic='-fno-common -DPIC'
lt_cv_prog_compiler_pic_works=yes
lt_cv_prog_compiler_rtti_exceptions=yes
lt_cv_prog_compiler_static_works=no
lt_cv_prog_gnu_ld=no
lt_cv_sharedlib_from_linklib_cmd='printf %s\n'
lt_cv_sys_global_symbol_pipe='sed -n -e '\''s/^.*[	 ]\([BCDEGRST][BCDEGRST]*\)[	 ][	 ]*_\([_A-Za-z][_A-Za-z0-9]*\)$/\1 _\2 \2/p'\'' | sed '\''/ __gnu_lto/d'\'''
lt_cv_sys_global_symbol_to_c_name_address='sed -n -e '\''s/^: \(.*\) .*$/  {"\1", (void *) 0},/p'\'' -e '\''s/^[BCDEGRST][BCDEGRST]* .* \(.*\)$/  {"\1", (void *) \&\1},/p'\'''
lt_cv_sys_global_symbol_to_c_name_address_lib_prefix='sed -n -e '\''s/^: \(.*\) .*$/  {"\1", (void *) 0},/p'\'' -e '\''s/^[BCDEGRST][BCDEGRST]* .* \(lib.*\)$/  {"\1", (void *) \&\1},/p'\'' -e '\''s/^[BCDEGRST][BCDEGRST]* .* \(.*\)$/  {"lib\1", (void *) \&\1},/p'\'''
lt_cv_sys_global_symbol_to_cdecl='sed -n -e '\''s/^T .* \(.*\)$/extern int \1();/p'\'' -e '\''s/^[BCDEGRST][BCDEGRST]* .* \(.*\)$/extern char \1;/p'\'''
lt_cv_sys_global_symbol_to_import=
lt_cv_sys_max_cmd_len=196608
lt_cv_to_host_file_cmd=func_convert_file_noop
lt_cv_to_tool_file_cmd=func_convert_file_noop
lt_cv_truncate_bin='/bin/dd bs=4096 count=1'
pkg_cv_GST_CFLAGS='-I/usr/local/Cellar/gstreamer/1.16.0/include/gstreamer-1.0 -I/usr/local/Cellar/glib/2.60.2/include -I/usr/local/lib/libffi-3.2.1/include -I/usr/local/Cellar/glib/2.60.2/include/glib-2.0 -I/usr/local/Cellar/glib/2.60.2/lib/glib-2.0/include -I/usr/local/opt/gettext/include -I/usr/local/Cellar/pcre/8.43/include '
pkg_cv_GST_LIBS='-L/usr/local/Cellar/gstreamer/1.16.0/lib -L/usr/local/Cellar/glib/2.60.2/lib -L/usr/local/opt/gettext/lib -lgstbase-1.0 -lgstcontroller-1.0 -lgstreamer-1.0 -lgobject-2.0 -lglib-2.0 -lintl '

## ----------------- ##
## Output variables. ##
## ----------------- ##

ACLOCAL='${SHELL} /Users/cyber/dev/projectm/missing aclocal-1.15'
AMDEPBACKSLASH='\'
AMDEP_FALSE='#'
AMDEP_TRUE=''
AMTAR='$${TAR-tar}'
AM_BACKSLASH='\'
AM_DEFAULT_V='$(AM_DEFAULT_VERBOSITY)'
AM_DEFAULT_VERBOSITY='1'
AM_V='$(V)'
AR='ar'
AUTOCONF='${SHELL} /Users/cyber/dev/projectm/missing autoconf'
AUTOHEADER='${SHELL} /Users/cyber/dev/projectm/missing autoheader'
AUTOMAKE='${SHELL} /Users/cyber/dev/projectm/missing automake-1.15'
AWK='awk'
CC='gcc'
CCDEPMODE='depmode=gcc3'
CFLAGS='-g -O2 -Wall'
CPP='gcc -E'
CPPFLAGS=''
CYGPATH_W='echo'
DEFS='-DHAVE_CONFIG_H'
DEPDIR='.deps'
DLLTOOL='false'
DSYMUTIL='dsymutil'
DUMPBIN=''
ECHO_C='\c'
ECHO_N=''
ECHO_T=''
EGREP='/usr/bin/grep -E'
EXEEXT=''
FGREP='/usr/bin/grep -F'
GREP='/usr/bin/grep'
GST_CFLAGS='-I/usr/local/Cellar/gstreamer/1.16.0/include/gstreamer-1.0 -I/usr/local/Cellar/glib/2.60.2/include -I/usr/local/lib/libffi-3.2.1/include -I/usr/local/Cellar/glib/2.60.2/include/glib-2.0 -I/usr/local/Cellar/glib/2.60.2/lib/glib-2.0/include -I/usr/local/opt/gettext/include -I/usr/local/Cellar/pcre/8.43/include  -Wall'
GST_LIBS='-L/usr/local/Cellar/gstreamer/1.16.0/lib -L/usr/local/Cellar/glib/2.60.2/lib -L/usr/local/opt/gettext/lib -lgstbase-1.0 -lgstcontroller-1.0 -lgstreamer-1.0 -lgobject-2.0 -lglib-2.0 -lintl '
GST_PLUGIN_LDFLAGS='-module -avoid-version -export-symbols-regex _*\(gst_\|Gst\|GST_\).*'
HAVE_PKGCONFIG=' '
INSTALL_DATA='${INSTALL} -m 644'
INSTALL_PROGRAM='${INSTALL}'
INSTALL_SCRIPT='${INSTALL}'
INSTALL_STRIP_PROGRAM='$(install_sh) -c -s'
LD='/Applications/Xcode.app/Contents/Developer/Toolchains/XcodeDefault.xctoolchain/usr/bin/ld'
LDFLAGS=''
LIBOBJS=''
LIBS=''
LIBTOOL='$(SHELL) $(top_builddir)/libtool'
LIPO='lipo'
LN_S='ln -s'
LTLIBOBJS=''
LT_SYS_LIBRARY_PATH=''
MAINT=''
MAINTAINER_MODE_FALSE='#'
MAINTAINER_MODE_TRUE=''
MAKEINFO='${SHELL} /Users/cyber/dev/projectm/missing makeinfo'
MANIFEST_TOOL=':'
MKDIR_P='./../../install-sh -c -d'
NM='/usr/bin/nm -B'
NMEDIT='nmedit'
OBJDUMP='objdump'
OBJEXT='o'
OTOOL64=':'
OTOOL='otool'
PACKAGE='gst-projectm'
PACKAGE_BUGREPORT=''
PACKAGE_NAME='gst-projectM'
PACKAGE_STRING='gst-projectM 1.0.0'
PACKAGE_TARNAME='gst-projectm'
PACKAGE_URL=''
PACKAGE_VERSION='1.0.0'
PATH_SEPARATOR=':'
PKG_CONFIG='/usr/local/bin/pkg-config'
PKG_CONFIG_LIBDIR=''
PKG_CONFIG_PATH=''
RANLIB='ranlib'
SED='/usr/local/bin/gsed'
SET_MAKE=''
SHELL='/bin/sh'
STRIP='strip'
VERSION='1.0.0'
ac_ct_AR='ar'
ac_ct_CC='gcc'
ac_ct_DUMPBIN=''
am__EXEEXT_FALSE=''
am__EXEEXT_TRUE='#'
am__fastdepCC_FALSE='#'
am__fastdepCC_TRUE=''
am__include='include'
am__isrc=''
am__leading_dot='.'
am__nodep='_no'
am__quote=''
am__tar='$${TAR-tar} chof - "$$tardir"'
am__untar='$${TAR-tar} xf -'
bindir='${exec_prefix}/bin'
build='x86_64-apple-darwin18.5.0'
build_alias=''
build_cpu='x86_64'
build_os='darwin18.5.0'
build_vendor='apple'
datadir='${datarootdir}'
datarootdir='${prefix}/share'
docdir='${datarootdir}/doc/${PACKAGE_TARNAME}'
dvidir='${docdir}'
exec_prefix='${prefix}'
host='x86_64-apple-darwin18.5.0'
host_alias=''
host_cpu='x86_64'
host_os='darwin18.5.0'
host_vendor='apple'
htmldir='${docdir}'
includedir='${prefix}/include'
infodir='${datarootdir}/info'
install_sh='${SHELL} /Users/cyber/dev/projectm/install-sh'
libdir='${exec_prefix}/lib'
libexecdir='${exec_prefix}/libexec'
localedir='${datarootdir}/locale'
localstatedir='${prefix}/var'
mandir='${datarootdir}/man'
mkdir_p='$(MKDIR_P)'
oldincludedir='/usr/include'
pdfdir='${docdir}'
plugindir='$(libdir)/gstreamer-1.0'
prefix='/usr/local'
program_transform_name='s,x,x,'
psdir='${docdir}'
sbindir='${exec_prefix}/sbin'
sharedstatedir='${prefix}/com'
sysconfdir='${prefix}/etc'
target_alias=''

## ----------- ##
## confdefs.h. ##
## ----------- ##

/* confdefs.h */
#define PACKAGE_NAME "gst-projectM"
#define PACKAGE_TARNAME "gst-projectm"
#define PACKAGE_VERSION "1.0.0"
#define PACKAGE_STRING "gst-projectM 1.0.0"
#define PACKAGE_BUGREPORT ""
#define PACKAGE_URL ""
#define PACKAGE "gst-projectm"
#define VERSION "1.0.0"
#define STDC_HEADERS 1
#define HAVE_SYS_TYPES_H 1
#define HAVE_SYS_STAT_H 1
#define HAVE_STDLIB_H 1
#define HAVE_STRING_H 1
#define HAVE_MEMORY_H 1
#define HAVE_STRINGS_H 1
#define HAVE_INTTYPES_H 1
#define HAVE_STDINT_H 1
#define HAVE_UNISTD_H 1
#define HAVE_DLFCN_H 1
#define LT_OBJDIR ".libs/"

configure: exit 0
