This file contains any messages produced by compilers while
running configure, to aid debugging if configure makes a mistake.

It was created by projectM XMMS plugin configure 0.96, which was
generated by GNU Autoconf 2.61.  Invocation command line was

  $ ./configure 

## --------- ##
## Platform. ##
## --------- ##

hostname = localhost
uname -m = x86_64
uname -r = 2.6.21-gentoo-r1
uname -s = Linux
uname -v = #1 SMP PREEMPT Wed May 23 09:49:14 EST 2007

/usr/bin/uname -p = Intel(R) Core(TM)2 CPU T7200 @ 2.00GHz
/bin/uname -X     = unknown

/bin/arch              = x86_64
/usr/bin/arch -k       = unknown
/usr/convex/getsysinfo = unknown
/usr/bin/hostinfo      = unknown
/bin/machine           = unknown
/usr/bin/oslevel       = unknown
/bin/universe          = unknown

PATH: /usr/kde/3.5/bin
PATH: /usr/local/bin
PATH: /usr/bin
PATH: /bin
PATH: /opt/bin
PATH: /usr/x86_64-pc-linux-gnu/gcc-bin/4.1.2
PATH: /usr/kde/3.5/bin
PATH: /usr/kde/3.5/bin
PATH: /usr/qt/3/bin
PATH: /usr/qt/3/bin
PATH: /usr/games/bin


## ----------- ##
## Core tests. ##
## ----------- ##

configure:2027: checking for a BSD-compatible install
configure:2083: result: /usr/bin/install -c
configure:2094: checking whether build environment is sane
configure:2137: result: yes
configure:2161: WARNING: `missing' script is too old or missing
configure:2202: checking for gawk
configure:2218: found /usr/bin/gawk
configure:2229: result: gawk
configure:2240: checking whether make sets $(MAKE)
configure:2261: result: yes
configure:2455: checking for xmms
configure:2473: found /usr/local/bin/xmms
configure:2485: result: /usr/local/bin/xmms
configure:2593: checking for gcc
configure:2609: found /usr/bin/gcc
configure:2620: result: gcc
configure:2858: checking for C compiler version
configure:2865: gcc --version >&5
gcc (GCC) 4.1.2 (Gentoo 4.1.2)
Copyright (C) 2006 Free Software Foundation, Inc.
This is free software; see the source for copying conditions.  There is NO
warranty; not even for MERCHANTABILITY or FITNESS FOR A PARTICULAR PURPOSE.

configure:2868: $? = 0
configure:2875: gcc -v >&5
Using built-in specs.
Target: x86_64-pc-linux-gnu
Configured with: /var/tmp/portage/sys-devel/gcc-4.1.2/work/gcc-4.1.2/configure --prefix=/usr --bindir=/usr/x86_64-pc-linux-gnu/gcc-bin/4.1.2 --includedir=/usr/lib/gcc/x86_64-pc-linux-gnu/4.1.2/include --datadir=/usr/share/gcc-data/x86_64-pc-linux-gnu/4.1.2 --mandir=/usr/share/gcc-data/x86_64-pc-linux-gnu/4.1.2/man --infodir=/usr/share/gcc-data/x86_64-pc-linux-gnu/4.1.2/info --with-gxx-include-dir=/usr/lib/gcc/x86_64-pc-linux-gnu/4.1.2/include/g++-v4 --host=x86_64-pc-linux-gnu --build=x86_64-pc-linux-gnu --disable-altivec --enable-nls --without-included-gettext --with-system-zlib --disable-checking --disable-werror --enable-secureplt --disable-libunwind-exceptions --enable-multilib --disable-libmudflap --disable-libssp --enable-languages=c,c++,java,fortran --enable-shared --enable-threads=posix --enable-__cxa_atexit --enable-clocale=gnu
Thread model: posix
gcc version 4.1.2 (Gentoo 4.1.2)
configure:2878: $? = 0
configure:2885: gcc -V >&5
gcc: '-V' option must have argument
configure:2888: $? = 1
configure:2911: checking for C compiler default output file name
configure:2938: gcc    conftest.c  >&5
configure:2941: $? = 0
configure:2979: result: a.out
configure:2996: checking whether the C compiler works
configure:3006: ./a.out
configure:3009: $? = 0
configure:3026: result: yes
configure:3033: checking whether we are cross compiling
configure:3035: result: no
configure:3038: checking for suffix of executables
configure:3045: gcc -o conftest    conftest.c  >&5
configure:3048: $? = 0
configure:3072: result: 
configure:3078: checking for suffix of object files
configure:3104: gcc -c   conftest.c >&5
configure:3107: $? = 0
configure:3130: result: o
configure:3134: checking whether we are using the GNU C compiler
configure:3163: gcc -c   conftest.c >&5
configure:3169: $? = 0
configure:3186: result: yes
configure:3191: checking whether gcc accepts -g
configure:3221: gcc -c -g  conftest.c >&5
configure:3227: $? = 0
configure:3326: result: yes
configure:3343: checking for gcc option to accept ISO C89
configure:3417: gcc  -c -g -O2  conftest.c >&5
configure:3423: $? = 0
configure:3446: result: none needed
configure:3475: checking for style of include used by make
configure:3503: result: GNU
configure:3531: checking dependency style of gcc
configure:3621: result: none
configure:3638: checking whether ln -s works
configure:3642: result: yes
configure:3725: error: cannot run /bin/sh ./config.sub

## ---------------- ##
## Cache variables. ##
## ---------------- ##

ac_cv_c_compiler_gnu=yes
ac_cv_env_CCC_set=
ac_cv_env_CCC_value=
ac_cv_env_CC_set=
ac_cv_env_CC_value=
ac_cv_env_CFLAGS_set=
ac_cv_env_CFLAGS_value=
ac_cv_env_CPPFLAGS_set=
ac_cv_env_CPPFLAGS_value=
ac_cv_env_CPP_set=
ac_cv_env_CPP_value=
ac_cv_env_CXXCPP_set=
ac_cv_env_CXXCPP_value=
ac_cv_env_CXXFLAGS_set=
ac_cv_env_CXXFLAGS_value=
ac_cv_env_CXX_set=
ac_cv_env_CXX_value=
ac_cv_env_F77_set=
ac_cv_env_F77_value=
ac_cv_env_FFLAGS_set=
ac_cv_env_FFLAGS_value=
ac_cv_env_LDFLAGS_set=
ac_cv_env_LDFLAGS_value=
ac_cv_env_LIBS_set=
ac_cv_env_LIBS_value=
ac_cv_env_build_alias_set=
ac_cv_env_build_alias_value=
ac_cv_env_host_alias_set=
ac_cv_env_host_alias_value=
ac_cv_env_target_alias_set=
ac_cv_env_target_alias_value=
ac_cv_objext=o
ac_cv_path_ac_prefix_program=/usr/local/bin/xmms
ac_cv_path_install='/usr/bin/install -c'
ac_cv_prog_AWK=gawk
ac_cv_prog_ac_ct_CC=gcc
ac_cv_prog_cc_c89=
ac_cv_prog_cc_g=yes
ac_cv_prog_make_make_set=yes
am_cv_CC_dependencies_compiler_type=none

## ----------------- ##
## Output variables. ##
## ----------------- ##

ACLOCAL='aclocal-1.9'
AMDEPBACKSLASH='\'
AMDEP_FALSE='#'
AMDEP_TRUE=''
AMTAR='tar'
AR=''
AUTOCONF='autoconf'
AUTOHEADER='autoheader'
AUTOMAKE='automake-1.9'
AWK='gawk'
BUILD_ACTOR=''
BUILD_INPUT=''
CATALOGS=''
CATOBJEXT=''
CC='gcc'
CCDEPMODE='depmode=none'
CFLAGS='-g -O2'
CPP=''
CPPFLAGS=''
CXX=''
CXXCPP=''
CXXDEPMODE=''
CXXFLAGS=''
CYGPATH_W='echo'
DATADIRNAME=''
DEBUG_CFLAGS=''
DEFS=''
DEPDIR='.deps'
ECHO='echo'
ECHO_C=''
ECHO_N='-n'
ECHO_T=''
EGREP=''
EXEEXT=''
F77=''
FFLAGS=''
GETTEXT_PACKAGE=''
GLIB_CFLAGS=''
GLIB_CONFIG=''
GLIB_LIBS=''
GMOFILES=''
GMSGFMT=''
GREP=''
GTK_CFLAGS=''
GTK_CONFIG=''
GTK_LIBS=''
INSTALL_DATA='${INSTALL} -m 644'
INSTALL_PROGRAM='${INSTALL}'
INSTALL_SCRIPT='${INSTALL}'
INSTALL_STRIP_PROGRAM='${SHELL} $(install_sh) -c -s'
INSTOBJEXT=''
INTLLIBS=''
LDFLAGS=''
LIBOBJS=''
LIBS=''
LIBS_DYNAMIC_LOADER=''
LIBTOOL=''
LN_S='ln -s'
LTLIBOBJS=''
MAKEINFO='makeinfo'
MKINSTALLDIRS=''
MSGFMT=''
MSGFMT_OPTS=''
OBJEXT='o'
OPT_CFLAGS=''
PACKAGE='xmms-projectM'
PACKAGE_BUGREPORT='none '
PACKAGE_NAME='projectM XMMS plugin'
PACKAGE_STRING='projectM XMMS plugin 0.96'
PACKAGE_TARNAME='xmms-projectM'
PACKAGE_VERSION='0.96'
PATH_SEPARATOR=':'
PKG_CONFIG=''
POFILES=''
POSUB=''
PO_IN_DATADIR_FALSE=''
PO_IN_DATADIR_TRUE=''
RANLIB=''
SDL_CFLAGS=''
SDL_CONFIG=''
SDL_LIBS=''
SED=''
SET_MAKE=''
SHELL='/bin/sh'
STRIP=''
USE_NLS=''
VERSION='0.96'
XGETTEXT=''
XMMS_CONFIG=''
XMMS_VISUALIZATION_PLUGIN_DIR=''
ac_ct_CC='gcc'
ac_ct_CXX=''
ac_ct_F77=''
ac_prefix_program='/usr/local/bin/xmms'
am__fastdepCC_FALSE=''
am__fastdepCC_TRUE='#'
am__fastdepCXX_FALSE=''
am__fastdepCXX_TRUE=''
am__include='include'
am__leading_dot='.'
am__quote=''
am__tar='${AMTAR} chof - "$$tardir"'
am__untar='${AMTAR} xf -'
bindir='${exec_prefix}/bin'
build=''
build_alias=''
build_cpu=''
build_os=''
build_vendor=''
datadir='${datarootdir}'
datarootdir='${prefix}/share'
docdir='${datarootdir}/doc/${PACKAGE_TARNAME}'
dvidir='${docdir}'
exec_prefix='NONE'
host=''
host_alias=''
host_cpu=''
host_os=''
host_vendor=''
htmldir='${docdir}'
includedir='${prefix}/include'
infodir='${datarootdir}/info'
install_sh='/home/pete/trunk/src/projectM-xmms/install-sh'
libdir='${exec_prefix}/lib'
libexecdir='${exec_prefix}/libexec'
localedir='${datarootdir}/locale'
localstatedir='${prefix}/var'
mandir='${datarootdir}/man'
mkdir_p='mkdir -p --'
oldincludedir='/usr/include'
pdfdir='${docdir}'
prefix='/usr/local'
program_transform_name='s,x,x,'
psdir='${docdir}'
sbindir='${exec_prefix}/sbin'
sharedstatedir='${prefix}/com'
sysconfdir='${prefix}/etc'
target_alias=''

## ----------- ##
## confdefs.h. ##
## ----------- ##

#define PACKAGE_NAME "projectM XMMS plugin"
#define PACKAGE_TARNAME "xmms-projectM"
#define PACKAGE_VERSION "0.96"
#define PACKAGE_STRING "projectM XMMS plugin 0.96"
#define PACKAGE_BUGREPORT "none "
#define PACKAGE "xmms-projectM"
#define VERSION "0.96"

configure: exit 1
