This file contains any messages produced by compilers while
running configure, to aid debugging if configure makes a mistake.

It was created by Libvisual projectM configure 0.98, which was
generated by GNU Autoconf 2.61.  Invocation command line was

  $ ./configure --no-create --no-recursion

## --------- ##
## Platform. ##
## --------- ##

hostname = localhost
uname -m = x86_64
uname -r = 2.6.22-gentoo-r2
uname -s = Linux
uname -v = #1 SMP PREEMPT Fri Aug 3 17:17:47 EST 2007

/usr/bin/uname -p = Intel(R) Core(TM)2 CPU T7200 @ 2.00GHz
/bin/uname -X     = unknown

/bin/arch              = x86_64
/usr/bin/arch -k       = unknown
/usr/convex/getsysinfo = unknown
/usr/bin/hostinfo      = unknown
/bin/machine           = unknown
/usr/bin/oslevel       = unknown
/bin/universe          = unknown

PATH: /usr/kde/3.5/bin
PATH: /usr/local/bin
PATH: /usr/bin
PATH: /bin
PATH: /opt/bin
PATH: /usr/x86_64-pc-linux-gnu/gcc-bin/4.1.2
PATH: /usr/kde/3.5/bin
PATH: /usr/qt/3/bin
PATH: /usr/games/bin


## ----------- ##
## Core tests. ##
## ----------- ##

configure:2026: checking for a BSD-compatible install
configure:2082: result: /usr/bin/install -c
configure:2093: checking whether build environment is sane
configure:2136: result: yes
configure:2201: checking for gawk
configure:2217: found /usr/bin/gawk
configure:2228: result: gawk
configure:2239: checking whether make sets $(MAKE)
configure:2260: result: yes
configure:2498: checking for gcc
configure:2514: found /usr/bin/gcc
configure:2525: result: gcc
configure:2763: checking for C compiler version
configure:2770: gcc --version >&5
gcc (GCC) 4.1.2 (Gentoo 4.1.2)
Copyright (C) 2006 Free Software Foundation, Inc.
This is free software; see the source for copying conditions.  There is NO
warranty; not even for MERCHANTABILITY or FITNESS FOR A PARTICULAR PURPOSE.

configure:2773: $? = 0
configure:2780: gcc -v >&5
Using built-in specs.
Target: x86_64-pc-linux-gnu
Configured with: /var/tmp/portage/sys-devel/gcc-4.1.2/work/gcc-4.1.2/configure --prefix=/usr --bindir=/usr/x86_64-pc-linux-gnu/gcc-bin/4.1.2 --includedir=/usr/lib/gcc/x86_64-pc-linux-gnu/4.1.2/include --datadir=/usr/share/gcc-data/x86_64-pc-linux-gnu/4.1.2 --mandir=/usr/share/gcc-data/x86_64-pc-linux-gnu/4.1.2/man --infodir=/usr/share/gcc-data/x86_64-pc-linux-gnu/4.1.2/info --with-gxx-include-dir=/usr/lib/gcc/x86_64-pc-linux-gnu/4.1.2/include/g++-v4 --host=x86_64-pc-linux-gnu --build=x86_64-pc-linux-gnu --disable-altivec --enable-nls --without-included-gettext --with-system-zlib --disable-checking --disable-werror --enable-secureplt --disable-libunwind-exceptions --enable-multilib --disable-libmudflap --disable-libssp --enable-languages=c,c++,java,fortran --enable-shared --enable-threads=posix --enable-__cxa_atexit --enable-clocale=gnu
Thread model: posix
gcc version 4.1.2 (Gentoo 4.1.2)
configure:2783: $? = 0
configure:2790: gcc -V >&5
gcc: '-V' option must have argument
configure:2793: $? = 1
configure:2816: checking for C compiler default output file name
configure:2843: gcc    conftest.c  >&5
configure:2846: $? = 0
configure:2884: result: a.out
configure:2901: checking whether the C compiler works
configure:2911: ./a.out
configure:2914: $? = 0
configure:2931: result: yes
configure:2938: checking whether we are cross compiling
configure:2940: result: no
configure:2943: checking for suffix of executables
configure:2950: gcc -o conftest    conftest.c  >&5
configure:2953: $? = 0
configure:2977: result: 
configure:2983: checking for suffix of object files
configure:3009: gcc -c   conftest.c >&5
configure:3012: $? = 0
configure:3035: result: o
configure:3039: checking whether we are using the GNU C compiler
configure:3068: gcc -c   conftest.c >&5
configure:3074: $? = 0
configure:3091: result: yes
configure:3096: checking whether gcc accepts -g
configure:3126: gcc -c -g  conftest.c >&5
configure:3132: $? = 0
configure:3231: result: yes
configure:3248: checking for gcc option to accept ISO C89
configure:3322: gcc  -c -g -O2  conftest.c >&5
configure:3328: $? = 0
configure:3351: result: none needed
configure:3380: checking for style of include used by make
configure:3408: result: GNU
configure:3436: checking dependency style of gcc
configure:3526: result: gcc3
configure:3601: checking for g++
configure:3617: found /usr/bin/g++
configure:3628: result: g++
configure:3659: checking for C++ compiler version
configure:3666: g++ --version >&5
g++ (GCC) 4.1.2 (Gentoo 4.1.2)
Copyright (C) 2006 Free Software Foundation, Inc.
This is free software; see the source for copying conditions.  There is NO
warranty; not even for MERCHANTABILITY or FITNESS FOR A PARTICULAR PURPOSE.

configure:3669: $? = 0
configure:3676: g++ -v >&5
Using built-in specs.
Target: x86_64-pc-linux-gnu
Configured with: /var/tmp/portage/sys-devel/gcc-4.1.2/work/gcc-4.1.2/configure --prefix=/usr --bindir=/usr/x86_64-pc-linux-gnu/gcc-bin/4.1.2 --includedir=/usr/lib/gcc/x86_64-pc-linux-gnu/4.1.2/include --datadir=/usr/share/gcc-data/x86_64-pc-linux-gnu/4.1.2 --mandir=/usr/share/gcc-data/x86_64-pc-linux-gnu/4.1.2/man --infodir=/usr/share/gcc-data/x86_64-pc-linux-gnu/4.1.2/info --with-gxx-include-dir=/usr/lib/gcc/x86_64-pc-linux-gnu/4.1.2/include/g++-v4 --host=x86_64-pc-linux-gnu --build=x86_64-pc-linux-gnu --disable-altivec --enable-nls --without-included-gettext --with-system-zlib --disable-checking --disable-werror --enable-secureplt --disable-libunwind-exceptions --enable-multilib --disable-libmudflap --disable-libssp --enable-languages=c,c++,java,fortran --enable-shared --enable-threads=posix --enable-__cxa_atexit --enable-clocale=gnu
Thread model: posix
gcc version 4.1.2 (Gentoo 4.1.2)
configure:3679: $? = 0
configure:3686: g++ -V >&5
g++: '-V' option must have argument
configure:3689: $? = 1
configure:3692: checking whether we are using the GNU C++ compiler
configure:3721: g++ -c   conftest.cpp >&5
configure:3727: $? = 0
configure:3744: result: yes
configure:3749: checking whether g++ accepts -g
configure:3779: g++ -c -g  conftest.cpp >&5
configure:3785: $? = 0
configure:3884: result: yes
configure:3909: checking dependency style of g++
configure:3999: result: gcc3
configure:4029: checking for a BSD-compatible install
configure:4085: result: /usr/bin/install -c
configure:4096: checking whether ln -s works
configure:4100: result: yes
configure:4187: checking build system type
configure:4205: result: x86_64-unknown-linux-gnu
configure:4227: checking host system type
configure:4242: result: x86_64-unknown-linux-gnu
configure:4264: checking for a sed that does not truncate output
configure:4320: result: /bin/sed
configure:4323: checking for grep that handles long lines and -e
configure:4397: result: /bin/grep
configure:4402: checking for egrep
configure:4480: result: /bin/grep -E
configure:4496: checking for ld used by gcc
configure:4563: result: /usr/x86_64-pc-linux-gnu/bin/ld
configure:4572: checking if the linker (/usr/x86_64-pc-linux-gnu/bin/ld) is GNU ld
configure:4587: result: yes
configure:4592: checking for /usr/x86_64-pc-linux-gnu/bin/ld option to reload object files
configure:4599: result: -r
configure:4617: checking for BSD-compatible nm
configure:4666: result: /usr/bin/nm -B
configure:4670: checking how to recognize dependent libraries
configure:4856: result: pass_all
configure:4945: gcc -c -g -O2  conftest.c >&5
configure:4948: $? = 0
configure:5097: checking how to run the C preprocessor
configure:5137: gcc -E  conftest.c
configure:5143: $? = 0
configure:5174: gcc -E  conftest.c
conftest.c:10:28: error: ac_nonexistent.h: No such file or directory
configure:5180: $? = 1
configure: failed program was:
| /* confdefs.h.  */
| #define PACKAGE_NAME "Libvisual projectM"
| #define PACKAGE_TARNAME "libvisual-projectm"
| #define PACKAGE_VERSION "0.98"
| #define PACKAGE_STRING "Libvisual projectM 0.98"
| #define PACKAGE_BUGREPORT "psperl@sourceforge.net"
| #define PACKAGE "libvisual-projectm"
| #define VERSION "0.98"
| /* end confdefs.h.  */
| #include <ac_nonexistent.h>
configure:5213: result: gcc -E
configure:5242: gcc -E  conftest.c
configure:5248: $? = 0
configure:5279: gcc -E  conftest.c
conftest.c:10:28: error: ac_nonexistent.h: No such file or directory
configure:5285: $? = 1
configure: failed program was:
| /* confdefs.h.  */
| #define PACKAGE_NAME "Libvisual projectM"
| #define PACKAGE_TARNAME "libvisual-projectm"
| #define PACKAGE_VERSION "0.98"
| #define PACKAGE_STRING "Libvisual projectM 0.98"
| #define PACKAGE_BUGREPORT "psperl@sourceforge.net"
| #define PACKAGE "libvisual-projectm"
| #define VERSION "0.98"
| /* end confdefs.h.  */
| #include <ac_nonexistent.h>
configure:5323: checking for ANSI C header files
configure:5353: gcc -c -g -O2  conftest.c >&5
configure:5359: $? = 0
configure:5458: gcc -o conftest -g -O2   conftest.c  >&5
configure:5461: $? = 0
configure:5467: ./conftest
configure:5470: $? = 0
configure:5487: result: yes
configure:5511: checking for sys/types.h
configure:5532: gcc -c -g -O2  conftest.c >&5
configure:5538: $? = 0
configure:5554: result: yes
configure:5511: checking for sys/stat.h
configure:5532: gcc -c -g -O2  conftest.c >&5
configure:5538: $? = 0
configure:5554: result: yes
configure:5511: checking for stdlib.h
configure:5532: gcc -c -g -O2  conftest.c >&5
configure:5538: $? = 0
configure:5554: result: yes
configure:5511: checking for string.h
configure:5532: gcc -c -g -O2  conftest.c >&5
configure:5538: $? = 0
configure:5554: result: yes
configure:5511: checking for memory.h
configure:5532: gcc -c -g -O2  conftest.c >&5
configure:5538: $? = 0
configure:5554: result: yes
configure:5511: checking for strings.h
configure:5532: gcc -c -g -O2  conftest.c >&5
configure:5538: $? = 0
configure:5554: result: yes
configure:5511: checking for inttypes.h
configure:5532: gcc -c -g -O2  conftest.c >&5
configure:5538: $? = 0
configure:5554: result: yes
configure:5511: checking for stdint.h
configure:5532: gcc -c -g -O2  conftest.c >&5
configure:5538: $? = 0
configure:5554: result: yes
configure:5511: checking for unistd.h
configure:5532: gcc -c -g -O2  conftest.c >&5
configure:5538: $? = 0
configure:5554: result: yes
configure:5581: checking dlfcn.h usability
configure:5598: gcc -c -g -O2  conftest.c >&5
configure:5604: $? = 0
configure:5618: result: yes
configure:5622: checking dlfcn.h presence
configure:5637: gcc -E  conftest.c
configure:5643: $? = 0
configure:5657: result: yes
configure:5690: checking for dlfcn.h
configure:5698: result: yes
configure:5721: checking how to run the C++ preprocessor
configure:5757: g++ -E  conftest.cpp
configure:5763: $? = 0
configure:5794: g++ -E  conftest.cpp
conftest.cpp:21:28: error: ac_nonexistent.h: No such file or directory
configure:5800: $? = 1
configure: failed program was:
| /* confdefs.h.  */
| #define PACKAGE_NAME "Libvisual projectM"
| #define PACKAGE_TARNAME "libvisual-projectm"
| #define PACKAGE_VERSION "0.98"
| #define PACKAGE_STRING "Libvisual projectM 0.98"
| #define PACKAGE_BUGREPORT "psperl@sourceforge.net"
| #define PACKAGE "libvisual-projectm"
| #define VERSION "0.98"
| #define STDC_HEADERS 1
| #define HAVE_SYS_TYPES_H 1
| #define HAVE_SYS_STAT_H 1
| #define HAVE_STDLIB_H 1
| #define HAVE_STRING_H 1
| #define HAVE_MEMORY_H 1
| #define HAVE_STRINGS_H 1
| #define HAVE_INTTYPES_H 1
| #define HAVE_STDINT_H 1
| #define HAVE_UNISTD_H 1
| #define HAVE_DLFCN_H 1
| /* end confdefs.h.  */
| #include <ac_nonexistent.h>
configure:5833: result: g++ -E
configure:5862: g++ -E  conftest.cpp
configure:5868: $? = 0
configure:5899: g++ -E  conftest.cpp
conftest.cpp:21:28: error: ac_nonexistent.h: No such file or directory
configure:5905: $? = 1
configure: failed program was:
| /* confdefs.h.  */
| #define PACKAGE_NAME "Libvisual projectM"
| #define PACKAGE_TARNAME "libvisual-projectm"
| #define PACKAGE_VERSION "0.98"
| #define PACKAGE_STRING "Libvisual projectM 0.98"
| #define PACKAGE_BUGREPORT "psperl@sourceforge.net"
| #define PACKAGE "libvisual-projectm"
| #define VERSION "0.98"
| #define STDC_HEADERS 1
| #define HAVE_SYS_TYPES_H 1
| #define HAVE_SYS_STAT_H 1
| #define HAVE_STDLIB_H 1
| #define HAVE_STRING_H 1
| #define HAVE_MEMORY_H 1
| #define HAVE_STRINGS_H 1
| #define HAVE_INTTYPES_H 1
| #define HAVE_STDINT_H 1
| #define HAVE_UNISTD_H 1
| #define HAVE_DLFCN_H 1
| /* end confdefs.h.  */
| #include <ac_nonexistent.h>
configure:5998: checking for g77
configure:6028: result: no
configure:5998: checking for xlf
configure:6028: result: no
configure:5998: checking for f77
configure:6028: result: no
configure:5998: checking for frt
configure:6028: result: no
configure:5998: checking for pgf77
configure:6028: result: no
configure:5998: checking for cf77
configure:6028: result: no
configure:5998: checking for fort77
configure:6028: result: no
configure:5998: checking for fl32
configure:6028: result: no
configure:5998: checking for af77
configure:6028: result: no
configure:5998: checking for xlf90
configure:6028: result: no
configure:5998: checking for f90
configure:6028: result: no
configure:5998: checking for pgf90
configure:6028: result: no
configure:5998: checking for pghpf
configure:6028: result: no
configure:5998: checking for epcf90
configure:6028: result: no
configure:5998: checking for gfortran
configure:6014: found /usr/bin/gfortran
configure:6025: result: gfortran
configure:6055: checking for Fortran 77 compiler version
configure:6062: gfortran --version >&5
GNU Fortran 95 (GCC) 4.1.2 (Gentoo 4.1.2)
Copyright (C) 2006 Free Software Foundation, Inc.

GNU Fortran comes with NO WARRANTY, to the extent permitted by law.
You may redistribute copies of GNU Fortran
under the terms of the GNU General Public License.
For more information about these matters, see the file named COPYING

configure:6065: $? = 0
configure:6072: gfortran -v >&5
Using built-in specs.
Target: x86_64-pc-linux-gnu
Configured with: /var/tmp/portage/sys-devel/gcc-4.1.2/work/gcc-4.1.2/configure --prefix=/usr --bindir=/usr/x86_64-pc-linux-gnu/gcc-bin/4.1.2 --includedir=/usr/lib/gcc/x86_64-pc-linux-gnu/4.1.2/include --datadir=/usr/share/gcc-data/x86_64-pc-linux-gnu/4.1.2 --mandir=/usr/share/gcc-data/x86_64-pc-linux-gnu/4.1.2/man --infodir=/usr/share/gcc-data/x86_64-pc-linux-gnu/4.1.2/info --with-gxx-include-dir=/usr/lib/gcc/x86_64-pc-linux-gnu/4.1.2/include/g++-v4 --host=x86_64-pc-linux-gnu --build=x86_64-pc-linux-gnu --disable-altivec --enable-nls --without-included-gettext --with-system-zlib --disable-checking --disable-werror --enable-secureplt --disable-libunwind-exceptions --enable-multilib --disable-libmudflap --disable-libssp --enable-languages=c,c++,java,fortran --enable-shared --enable-threads=posix --enable-__cxa_atexit --enable-clocale=gnu
Thread model: posix
gcc version 4.1.2 (Gentoo 4.1.2)
configure:6075: $? = 0
configure:6082: gfortran -V >&5
gfortran: '-V' option must have argument
configure:6085: $? = 1
configure:6093: checking whether we are using the GNU Fortran 77 compiler
configure:6112: gfortran -c  conftest.F >&5
configure:6118: $? = 0
configure:6135: result: yes
configure:6141: checking whether gfortran accepts -g
configure:6158: gfortran -c -g conftest.f >&5
configure:6164: $? = 0
configure:6180: result: yes
configure:6210: checking the maximum length of command line arguments
configure:6319: result: 32768
configure:6331: checking command to parse /usr/bin/nm -B output from gcc object
configure:6436: gcc -c -g -O2  conftest.c >&5
configure:6439: $? = 0
configure:6443: /usr/bin/nm -B conftest.o \| sed -n -e 's/^.*[ 	]\([ABCDGIRSTW][ABCDGIRSTW]*\)[ 	][ 	]*\([_A-Za-z][_A-Za-z0-9]*\)$/\1 \2 \2/p' \> conftest.nm
configure:6446: $? = 0
configure:6498: gcc -o conftest -g -O2   conftest.c conftstm.o >&5
configure:6501: $? = 0
configure:6539: result: ok
configure:6543: checking for objdir
configure:6558: result: .libs
configure:6650: checking for ar
configure:6666: found /usr/bin/ar
configure:6677: result: ar
configure:6746: checking for ranlib
configure:6762: found /usr/bin/ranlib
configure:6773: result: ranlib
configure:6842: checking for strip
configure:6858: found /usr/bin/strip
configure:6869: result: strip
configure:7106: checking for correct ltmain.sh version
configure:7156: result: yes
configure:7216: checking if gcc supports -fno-rtti -fno-exceptions
configure:7234: gcc -c -g -O2  -fno-rtti -fno-exceptions conftest.c >&5
cc1: warning: command line option "-fno-rtti" is valid for C++/ObjC++ but not for C
configure:7238: $? = 0
configure:7251: result: no
configure:7266: checking for gcc option to produce PIC
configure:7498: result: -fPIC
configure:7506: checking if gcc PIC flag -fPIC works
configure:7524: gcc -c -g -O2  -fPIC -DPIC conftest.c >&5
configure:7528: $? = 0
configure:7541: result: yes
configure:7569: checking if gcc static flag -static works
configure:7597: result: yes
configure:7607: checking if gcc supports -c -o file.o
configure:7628: gcc -c -g -O2  -o out/conftest2.o conftest.c >&5
configure:7632: $? = 0
configure:7654: result: yes
configure:7680: checking whether the gcc linker (/usr/x86_64-pc-linux-gnu/bin/ld -m elf_x86_64) supports shared libraries
configure:8656: result: yes
configure:8677: checking whether -lc should be explicitly linked in
configure:8682: gcc -c -g -O2  conftest.c >&5
configure:8685: $? = 0
configure:8700: gcc -shared conftest.o  -v -Wl,-soname -Wl,conftest -o conftest 2\>\&1 \| grep  -lc  \>/dev/null 2\>\&1
configure:8703: $? = 0
configure:8715: result: no
configure:8723: checking dynamic linker characteristics
configure:9338: result: GNU/Linux ld.so
configure:9347: checking how to hardcode library paths into programs
configure:9372: result: immediate
configure:9386: checking whether stripping libraries is possible
configure:9391: result: yes
configure:10193: checking if libtool supports shared libraries
configure:10195: result: yes
configure:10198: checking whether to build shared libraries
configure:10219: result: yes
configure:10222: checking whether to build static libraries
configure:10226: result: no
configure:10318: creating libtool
configure:10906: checking for ld used by g++
configure:10973: result: /usr/x86_64-pc-linux-gnu/bin/ld -m elf_x86_64
configure:10982: checking if the linker (/usr/x86_64-pc-linux-gnu/bin/ld -m elf_x86_64) is GNU ld
configure:10997: result: yes
configure:11048: checking whether the g++ linker (/usr/x86_64-pc-linux-gnu/bin/ld -m elf_x86_64) supports shared libraries
configure:12018: result: yes
configure:12036: g++ -c -g -O2  conftest.cpp >&5
configure:12039: $? = 0
configure:12191: checking for g++ option to produce PIC
configure:12475: result: -fPIC
configure:12483: checking if g++ PIC flag -fPIC works
configure:12501: g++ -c -g -O2  -fPIC -DPIC conftest.cpp >&5
configure:12505: $? = 0
configure:12518: result: yes
configure:12546: checking if g++ static flag -static works
configure:12574: result: yes
configure:12584: checking if g++ supports -c -o file.o
configure:12605: g++ -c -g -O2  -o out/conftest2.o conftest.cpp >&5
configure:12609: $? = 0
configure:12631: result: yes
configure:12657: checking whether the g++ linker (/usr/x86_64-pc-linux-gnu/bin/ld -m elf_x86_64) supports shared libraries
configure:12682: result: yes
configure:12749: checking dynamic linker characteristics
configure:13312: result: GNU/Linux ld.so
configure:13321: checking how to hardcode library paths into programs
configure:13346: result: immediate
configure:13879: checking if libtool supports shared libraries
configure:13881: result: yes
configure:13884: checking whether to build shared libraries
configure:13904: result: yes
configure:13907: checking whether to build static libraries
configure:13911: result: no
configure:13921: checking for gfortran option to produce PIC
configure:14153: result: -fPIC
configure:14161: checking if gfortran PIC flag -fPIC works
configure:14179: gfortran -c -g -O2 -fPIC conftest.f >&5
configure:14183: $? = 0
configure:14196: result: yes
configure:14224: checking if gfortran static flag -static works
configure:14252: result: yes
configure:14262: checking if gfortran supports -c -o file.o
configure:14283: gfortran -c -g -O2 -o out/conftest2.o conftest.f >&5
configure:14287: $? = 0
configure:14309: result: yes
configure:14335: checking whether the gfortran linker (/usr/x86_64-pc-linux-gnu/bin/ld -m elf_x86_64) supports shared libraries
configure:15291: result: yes
configure:15358: checking dynamic linker characteristics
configure:15921: result: GNU/Linux ld.so
configure:15930: checking how to hardcode library paths into programs
configure:15955: result: immediate
configure:19534: checking for pkg-config
configure:19552: found /usr/bin/pkg-config
configure:19565: result: /usr/bin/pkg-config
configure:19699: checking pkg-config is at least version 0.9.0
configure:19702: result: yes
configure:19713: checking for LIBPROJECTM
configure:19721: $PKG_CONFIG --exists --print-errors "libprojectM >= 0.0.0"
configure:19724: $? = 0
configure:19739: $PKG_CONFIG --exists --print-errors "libprojectM >= 0.0.0"
configure:19742: $? = 0
configure:19778: result: yes
configure:19809: checking for LIBVISUAL
configure:19817: $PKG_CONFIG --exists --print-errors "libvisual-0.4 >= 0.4.0"
configure:19820: $? = 0
configure:19835: $PKG_CONFIG --exists --print-errors "libvisual-0.4 >= 0.4.0"
configure:19838: $? = 0
configure:19874: result: yes
configure:19890: checking for X
configure:20125: result: libraries /usr/lib64, headers 
configure:20158: checking X11/keysym.h usability
configure:20175: gcc -c -g -O2  conftest.c >&5
configure:20181: $? = 0
configure:20195: result: yes
configure:20199: checking X11/keysym.h presence
configure:20214: gcc -E  conftest.c
configure:20220: $? = 0
configure:20234: result: yes
configure:20267: checking for X11/keysym.h
configure:20275: result: yes
configure:20158: checking X11/X.h usability
configure:20175: gcc -c -g -O2  conftest.c >&5
configure:20181: $? = 0
configure:20195: result: yes
configure:20199: checking X11/X.h presence
configure:20214: gcc -E  conftest.c
configure:20220: $? = 0
configure:20234: result: yes
configure:20267: checking for X11/X.h
configure:20275: result: yes
configure:20158: checking X11/Xlib.h usability
configure:20175: gcc -c -g -O2  conftest.c >&5
configure:20181: $? = 0
configure:20195: result: yes
configure:20199: checking X11/Xlib.h presence
configure:20214: gcc -E  conftest.c
configure:20220: $? = 0
configure:20234: result: yes
configure:20267: checking for X11/Xlib.h
configure:20275: result: yes
configure:20158: checking X11/Xutil.h usability
configure:20175: gcc -c -g -O2  conftest.c >&5
configure:20181: $? = 0
configure:20195: result: yes
configure:20199: checking X11/Xutil.h presence
configure:20214: gcc -E  conftest.c
configure:20220: $? = 0
configure:20234: result: yes
configure:20267: checking for X11/Xutil.h
configure:20275: result: yes
configure:20313: checking GL/gl.h usability
configure:20330: gcc -c -g -O2  conftest.c >&5
configure:20336: $? = 0
configure:20350: result: yes
configure:20354: checking GL/gl.h presence
configure:20369: gcc -E  conftest.c
configure:20375: $? = 0
configure:20389: result: yes
configure:20422: checking for GL/gl.h
configure:20430: result: yes
configure:20313: checking GL/glx.h usability
configure:20330: gcc -c -g -O2  conftest.c >&5
configure:20336: $? = 0
configure:20350: result: yes
configure:20354: checking GL/glx.h presence
configure:20369: gcc -E  conftest.c
configure:20375: $? = 0
configure:20389: result: yes
configure:20422: checking for GL/glx.h
configure:20430: result: yes
configure:20447: checking for glBegin in -lGL
configure:20482: gcc -o conftest -g -O2   -Wl,-rpath,/usr/lib64 -L/usr/lib64 conftest.c -lGL   >&5
configure:20488: $? = 0
configure:20506: result: yes
configure:20537: checking for X11/extensions/xf86vmode.h
configure:20559: gcc -c -g -O2  conftest.c >&5
configure:20565: $? = 0
configure:20581: result: yes
configure:20588: checking for XF86VidModeSwitchToMode in -lXxf86vm
configure:20623: gcc -o conftest -g -O2   -Wl,-rpath,/usr/lib64 -L/usr/lib64 conftest.c -lXxf86vm   >&5
configure:20629: $? = 0
configure:20647: result: yes
configure:20696: checking for an ANSI C-conforming const
configure:20771: gcc -c -g -O2  conftest.c >&5
configure:20777: $? = 0
configure:20792: result: yes
configure:20803: checking whether time.h and sys/time.h may both be included
configure:20833: gcc -c -g -O2  conftest.c >&5
configure:20839: $? = 0
configure:20854: result: yes
configure:20883: checking fcntl.h usability
configure:20900: gcc -c -g -O2  conftest.c >&5
configure:20906: $? = 0
configure:20920: result: yes
configure:20924: checking fcntl.h presence
configure:20939: gcc -E  conftest.c
configure:20945: $? = 0
configure:20959: result: yes
configure:20992: checking for fcntl.h
configure:21000: result: yes
configure:20873: checking for unistd.h
configure:20879: result: yes
configure:20873: checking for stdlib.h
configure:20879: result: yes
configure:20873: checking for string.h
configure:20879: result: yes
configure:20883: checking sys/time.h usability
configure:20900: gcc -c -g -O2  conftest.c >&5
configure:20906: $? = 0
configure:20920: result: yes
configure:20924: checking sys/time.h presence
configure:20939: gcc -E  conftest.c
configure:20945: $? = 0
configure:20959: result: yes
configure:20992: checking for sys/time.h
configure:21000: result: yes
configure:21013: checking for inline
configure:21039: gcc -c -g -O2  conftest.c >&5
configure:21045: $? = 0
configure:21063: result: inline
configure:21089: checking for stdlib.h
configure:21095: result: yes
configure:21229: checking for GNU libc compatible malloc
configure:21263: gcc -o conftest -g -O2   -Wl,-rpath,/usr/lib64 -L/usr/lib64 conftest.c  >&5
configure:21266: $? = 0
configure:21272: ./conftest
configure:21275: $? = 0
configure:21291: result: yes
configure:21328: checking for floor
configure:21384: gcc -o conftest -g -O2   -Wl,-rpath,/usr/lib64 -L/usr/lib64 conftest.c  >&5
conftest.c:62: warning: conflicting types for built-in function 'floor'
/tmp/ccizLXlM.o: In function `main':
/home/pete/trunk/src/projectM-libvisual/conftest.c:73: undefined reference to `floor'
collect2: ld returned 1 exit status
configure:21390: $? = 1
configure: failed program was:
| /* confdefs.h.  */
| #define PACKAGE_NAME "Libvisual projectM"
| #define PACKAGE_TARNAME "libvisual-projectm"
| #define PACKAGE_VERSION "0.98"
| #define PACKAGE_STRING "Libvisual projectM 0.98"
| #define PACKAGE_BUGREPORT "psperl@sourceforge.net"
| #define PACKAGE "libvisual-projectm"
| #define VERSION "0.98"
| #define STDC_HEADERS 1
| #define HAVE_SYS_TYPES_H 1
| #define HAVE_SYS_STAT_H 1
| #define HAVE_STDLIB_H 1
| #define HAVE_STRING_H 1
| #define HAVE_MEMORY_H 1
| #define HAVE_STRINGS_H 1
| #define HAVE_INTTYPES_H 1
| #define HAVE_STDINT_H 1
| #define HAVE_UNISTD_H 1
| #define HAVE_DLFCN_H 1
| #define PROJECTM_SYSCONFDIR "/usr/share/projectM"
| #define PROJECTM_DATADIR "/usr/share/projectM"
| #define HAVE_X11_KEYSYM_H 1
| #define HAVE_X11_X_H 1
| #define HAVE_X11_XLIB_H 1
| #define HAVE_X11_XUTIL_H 1
| #define HAVE_GL_GL_H 1
| #define HAVE_GL_GLX_H 1
| #define HAVE_X11_EXTENSIONS_XF86VMODE_H 1
| #define HAVE_XF86VMODE
| #define TIME_WITH_SYS_TIME 1
| #define HAVE_FCNTL_H 1
| #define HAVE_UNISTD_H 1
| #define HAVE_STDLIB_H 1
| #define HAVE_STRING_H 1
| #define HAVE_SYS_TIME_H 1
| #define HAVE_STDLIB_H 1
| #define HAVE_MALLOC 1
| /* end confdefs.h.  */
| /* Define floor to an innocuous variant, in case <limits.h> declares floor.
|    For example, HP-UX 11i <limits.h> declares gettimeofday.  */
| #define floor innocuous_floor
| 
| /* System header to define __stub macros and hopefully few prototypes,
|     which can conflict with char floor (); below.
|     Prefer <limits.h> to <assert.h> if __STDC__ is defined, since
|     <limits.h> exists even on freestanding compilers.  */
| 
| #ifdef __STDC__
| # include <limits.h>
| #else
| # include <assert.h>
| #endif
| 
| #undef floor
| 
| /* Override any GCC internal prototype to avoid an error.
|    Use char because int might match the return type of a GCC
|    builtin and then its argument prototype would still apply.  */
| #ifdef __cplusplus
| extern "C"
| #endif
| char floor ();
| /* The GNU C library defines this for functions which it implements
|     to always fail with ENOSYS.  Some functions are actually named
|     something starting with __ and the normal name is an alias.  */
| #if defined __stub_floor || defined __stub___floor
| choke me
| #endif
| 
| int
| main ()
| {
| return floor ();
|   ;
|   return 0;
| }
configure:21408: result: no
configure:21328: checking for gettimeofday
configure:21384: gcc -o conftest -g -O2   -Wl,-rpath,/usr/lib64 -L/usr/lib64 conftest.c  >&5
configure:21390: $? = 0
configure:21408: result: yes
configure:21328: checking for memmove
configure:21384: gcc -o conftest -g -O2   -Wl,-rpath,/usr/lib64 -L/usr/lib64 conftest.c  >&5
conftest.c:63: warning: conflicting types for built-in function 'memmove'
configure:21390: $? = 0
configure:21408: result: yes
configure:21328: checking for memset
configure:21384: gcc -o conftest -g -O2   -Wl,-rpath,/usr/lib64 -L/usr/lib64 conftest.c  >&5
conftest.c:64: warning: conflicting types for built-in function 'memset'
configure:21390: $? = 0
configure:21408: result: yes
configure:21328: checking for pow
configure:21384: gcc -o conftest -g -O2   -Wl,-rpath,/usr/lib64 -L/usr/lib64 conftest.c  >&5
conftest.c:65: warning: conflicting types for built-in function 'pow'
/tmp/cccdDFCo.o: In function `main':
/home/pete/trunk/src/projectM-libvisual/conftest.c:76: undefined reference to `pow'
collect2: ld returned 1 exit status
configure:21390: $? = 1
configure: failed program was:
| /* confdefs.h.  */
| #define PACKAGE_NAME "Libvisual projectM"
| #define PACKAGE_TARNAME "libvisual-projectm"
| #define PACKAGE_VERSION "0.98"
| #define PACKAGE_STRING "Libvisual projectM 0.98"
| #define PACKAGE_BUGREPORT "psperl@sourceforge.net"
| #define PACKAGE "libvisual-projectm"
| #define VERSION "0.98"
| #define STDC_HEADERS 1
| #define HAVE_SYS_TYPES_H 1
| #define HAVE_SYS_STAT_H 1
| #define HAVE_STDLIB_H 1
| #define HAVE_STRING_H 1
| #define HAVE_MEMORY_H 1
| #define HAVE_STRINGS_H 1
| #define HAVE_INTTYPES_H 1
| #define HAVE_STDINT_H 1
| #define HAVE_UNISTD_H 1
| #define HAVE_DLFCN_H 1
| #define PROJECTM_SYSCONFDIR "/usr/share/projectM"
| #define PROJECTM_DATADIR "/usr/share/projectM"
| #define HAVE_X11_KEYSYM_H 1
| #define HAVE_X11_X_H 1
| #define HAVE_X11_XLIB_H 1
| #define HAVE_X11_XUTIL_H 1
| #define HAVE_GL_GL_H 1
| #define HAVE_GL_GLX_H 1
| #define HAVE_X11_EXTENSIONS_XF86VMODE_H 1
| #define HAVE_XF86VMODE
| #define TIME_WITH_SYS_TIME 1
| #define HAVE_FCNTL_H 1
| #define HAVE_UNISTD_H 1
| #define HAVE_STDLIB_H 1
| #define HAVE_STRING_H 1
| #define HAVE_SYS_TIME_H 1
| #define HAVE_STDLIB_H 1
| #define HAVE_MALLOC 1
| #define HAVE_GETTIMEOFDAY 1
| #define HAVE_MEMMOVE 1
| #define HAVE_MEMSET 1
| /* end confdefs.h.  */
| /* Define pow to an innocuous variant, in case <limits.h> declares pow.
|    For example, HP-UX 11i <limits.h> declares gettimeofday.  */
| #define pow innocuous_pow
| 
| /* System header to define __stub macros and hopefully few prototypes,
|     which can conflict with char pow (); below.
|     Prefer <limits.h> to <assert.h> if __STDC__ is defined, since
|     <limits.h> exists even on freestanding compilers.  */
| 
| #ifdef __STDC__
| # include <limits.h>
| #else
| # include <assert.h>
| #endif
| 
| #undef pow
| 
| /* Override any GCC internal prototype to avoid an error.
|    Use char because int might match the return type of a GCC
|    builtin and then its argument prototype would still apply.  */
| #ifdef __cplusplus
| extern "C"
| #endif
| char pow ();
| /* The GNU C library defines this for functions which it implements
|     to always fail with ENOSYS.  Some functions are actually named
|     something starting with __ and the normal name is an alias.  */
| #if defined __stub_pow || defined __stub___pow
| choke me
| #endif
| 
| int
| main ()
| {
| return pow ();
|   ;
|   return 0;
| }
configure:21408: result: no
configure:21328: checking for sqrt
configure:21384: gcc -o conftest -g -O2   -Wl,-rpath,/usr/lib64 -L/usr/lib64 conftest.c  >&5
conftest.c:65: warning: conflicting types for built-in function 'sqrt'
/tmp/cc8fMaSx.o: In function `main':
/home/pete/trunk/src/projectM-libvisual/conftest.c:76: undefined reference to `sqrt'
collect2: ld returned 1 exit status
configure:21390: $? = 1
configure: failed program was:
| /* confdefs.h.  */
| #define PACKAGE_NAME "Libvisual projectM"
| #define PACKAGE_TARNAME "libvisual-projectm"
| #define PACKAGE_VERSION "0.98"
| #define PACKAGE_STRING "Libvisual projectM 0.98"
| #define PACKAGE_BUGREPORT "psperl@sourceforge.net"
| #define PACKAGE "libvisual-projectm"
| #define VERSION "0.98"
| #define STDC_HEADERS 1
| #define HAVE_SYS_TYPES_H 1
| #define HAVE_SYS_STAT_H 1
| #define HAVE_STDLIB_H 1
| #define HAVE_STRING_H 1
| #define HAVE_MEMORY_H 1
| #define HAVE_STRINGS_H 1
| #define HAVE_INTTYPES_H 1
| #define HAVE_STDINT_H 1
| #define HAVE_UNISTD_H 1
| #define HAVE_DLFCN_H 1
| #define PROJECTM_SYSCONFDIR "/usr/share/projectM"
| #define PROJECTM_DATADIR "/usr/share/projectM"
| #define HAVE_X11_KEYSYM_H 1
| #define HAVE_X11_X_H 1
| #define HAVE_X11_XLIB_H 1
| #define HAVE_X11_XUTIL_H 1
| #define HAVE_GL_GL_H 1
| #define HAVE_GL_GLX_H 1
| #define HAVE_X11_EXTENSIONS_XF86VMODE_H 1
| #define HAVE_XF86VMODE
| #define TIME_WITH_SYS_TIME 1
| #define HAVE_FCNTL_H 1
| #define HAVE_UNISTD_H 1
| #define HAVE_STDLIB_H 1
| #define HAVE_STRING_H 1
| #define HAVE_SYS_TIME_H 1
| #define HAVE_STDLIB_H 1
| #define HAVE_MALLOC 1
| #define HAVE_GETTIMEOFDAY 1
| #define HAVE_MEMMOVE 1
| #define HAVE_MEMSET 1
| /* end confdefs.h.  */
| /* Define sqrt to an innocuous variant, in case <limits.h> declares sqrt.
|    For example, HP-UX 11i <limits.h> declares gettimeofday.  */
| #define sqrt innocuous_sqrt
| 
| /* System header to define __stub macros and hopefully few prototypes,
|     which can conflict with char sqrt (); below.
|     Prefer <limits.h> to <assert.h> if __STDC__ is defined, since
|     <limits.h> exists even on freestanding compilers.  */
| 
| #ifdef __STDC__
| # include <limits.h>
| #else
| # include <assert.h>
| #endif
| 
| #undef sqrt
| 
| /* Override any GCC internal prototype to avoid an error.
|    Use char because int might match the return type of a GCC
|    builtin and then its argument prototype would still apply.  */
| #ifdef __cplusplus
| extern "C"
| #endif
| char sqrt ();
| /* The GNU C library defines this for functions which it implements
|     to always fail with ENOSYS.  Some functions are actually named
|     something starting with __ and the normal name is an alias.  */
| #if defined __stub_sqrt || defined __stub___sqrt
| choke me
| #endif
| 
| int
| main ()
| {
| return sqrt ();
|   ;
|   return 0;
| }
configure:21408: result: no
configure:21418: checking for munmap
configure:21474: gcc -o conftest -g -O2   -Wl,-rpath,/usr/lib64 -L/usr/lib64 conftest.c  >&5
configure:21480: $? = 0
configure:21497: result: yes
configure:21511: checking for stdlib.h
configure:21517: result: yes
configure:21511: checking for unistd.h
configure:21517: result: yes
configure:21655: checking for getpagesize
configure:21711: gcc -o conftest -g -O2   -Wl,-rpath,/usr/lib64 -L/usr/lib64 conftest.c  >&5
configure:21717: $? = 0
configure:21735: result: yes
configure:21745: checking for working mmap
configure:21892: gcc -o conftest -g -O2   -Wl,-rpath,/usr/lib64 -L/usr/lib64 conftest.c  >&5
configure:21895: $? = 0
configure:21901: ./conftest
configure:21904: $? = 0
configure:21920: result: yes
configure:21939: checking whether to build lv_projectm plugin
configure:21942: result: yes
configure:21975: checking wheter to enable profiling
configure:21982: result: no
configure:21993: checking whether to enable debug
configure:22002: result: no
configure:22014: checking wheter to enable extra optimizations
configure:22021: result: no
configure:22045: checking where to install plugins
configure:22050: result: /usr/lib64/libvisual-0.4
configure:22222: creating ./config.status

## ---------------- ##
## Cache variables. ##
## ---------------- ##

ac_cv_build=x86_64-unknown-linux-gnu
ac_cv_c_compiler_gnu=yes
ac_cv_c_const=yes
ac_cv_c_inline=inline
ac_cv_cxx_compiler_gnu=yes
ac_cv_env_CCC_set=
ac_cv_env_CCC_value=
ac_cv_env_CC_set=
ac_cv_env_CC_value=
ac_cv_env_CFLAGS_set=
ac_cv_env_CFLAGS_value=
ac_cv_env_CPPFLAGS_set=
ac_cv_env_CPPFLAGS_value=
ac_cv_env_CPP_set=
ac_cv_env_CPP_value=
ac_cv_env_CXXCPP_set=
ac_cv_env_CXXCPP_value=
ac_cv_env_CXXFLAGS_set=
ac_cv_env_CXXFLAGS_value=
ac_cv_env_CXX_set=
ac_cv_env_CXX_value=
ac_cv_env_F77_set=
ac_cv_env_F77_value=
ac_cv_env_FFLAGS_set=
ac_cv_env_FFLAGS_value=
ac_cv_env_LDFLAGS_set=
ac_cv_env_LDFLAGS_value=
ac_cv_env_LIBPROJECTM_CFLAGS_set=
ac_cv_env_LIBPROJECTM_CFLAGS_value=
ac_cv_env_LIBPROJECTM_LIBS_set=
ac_cv_env_LIBPROJECTM_LIBS_value=
ac_cv_env_LIBS_set=
ac_cv_env_LIBS_value=
ac_cv_env_LIBVISUAL_CFLAGS_set=
ac_cv_env_LIBVISUAL_CFLAGS_value=
ac_cv_env_LIBVISUAL_LIBS_set=
ac_cv_env_LIBVISUAL_LIBS_value=
ac_cv_env_PKG_CONFIG_set=
ac_cv_env_PKG_CONFIG_value=
ac_cv_env_XMKMF_set=
ac_cv_env_XMKMF_value=
ac_cv_env_build_alias_set=
ac_cv_env_build_alias_value=
ac_cv_env_host_alias_set=
ac_cv_env_host_alias_value=
ac_cv_env_target_alias_set=
ac_cv_env_target_alias_value=
ac_cv_f77_compiler_gnu=yes
ac_cv_func_floor=no
ac_cv_func_getpagesize=yes
ac_cv_func_gettimeofday=yes
ac_cv_func_malloc_0_nonnull=yes
ac_cv_func_memmove=yes
ac_cv_func_memset=yes
ac_cv_func_mmap_fixed_mapped=yes
ac_cv_func_munmap=yes
ac_cv_func_pow=no
ac_cv_func_sqrt=no
ac_cv_have_x='have_x=yes	ac_x_includes='\'''\''	ac_x_libraries='\''/usr/lib64'\'''
ac_cv_header_GL_gl_h=yes
ac_cv_header_GL_glx_h=yes
ac_cv_header_X11_X_h=yes
ac_cv_header_X11_Xlib_h=yes
ac_cv_header_X11_Xutil_h=yes
ac_cv_header_X11_extensions_xf86vmode_h=yes
ac_cv_header_X11_keysym_h=yes
ac_cv_header_dlfcn_h=yes
ac_cv_header_fcntl_h=yes
ac_cv_header_inttypes_h=yes
ac_cv_header_memory_h=yes
ac_cv_header_stdc=yes
ac_cv_header_stdint_h=yes
ac_cv_header_stdlib_h=yes
ac_cv_header_string_h=yes
ac_cv_header_strings_h=yes
ac_cv_header_sys_stat_h=yes
ac_cv_header_sys_time_h=yes
ac_cv_header_sys_types_h=yes
ac_cv_header_time=yes
ac_cv_header_unistd_h=yes
ac_cv_host=x86_64-unknown-linux-gnu
ac_cv_lib_GL_glBegin=yes
ac_cv_lib_Xxf86vm_XF86VidModeSwitchToMode=yes
ac_cv_objext=o
ac_cv_path_EGREP='/bin/grep -E'
ac_cv_path_GREP=/bin/grep
ac_cv_path_PKG_CONFIG=/usr/bin/pkg-config
ac_cv_path_install='/usr/bin/install -c'
ac_cv_prog_AWK=gawk
ac_cv_prog_CPP='gcc -E'
ac_cv_prog_CXXCPP='g++ -E'
ac_cv_prog_ac_ct_AR=ar
ac_cv_prog_ac_ct_CC=gcc
ac_cv_prog_ac_ct_CXX=g++
ac_cv_prog_ac_ct_F77=gfortran
ac_cv_prog_ac_ct_RANLIB=ranlib
ac_cv_prog_ac_ct_STRIP=strip
ac_cv_prog_cc_c89=
ac_cv_prog_cc_g=yes
ac_cv_prog_cxx_g=yes
ac_cv_prog_f77_g=yes
ac_cv_prog_make_make_set=yes
am_cv_CC_dependencies_compiler_type=gcc3
am_cv_CXX_dependencies_compiler_type=gcc3
lt_cv_deplibs_check_method=pass_all
lt_cv_file_magic_cmd='$MAGIC_CMD'
lt_cv_file_magic_test_file=
lt_cv_ld_reload_flag=-r
lt_cv_objdir=.libs
lt_cv_path_LD=/usr/x86_64-pc-linux-gnu/bin/ld
lt_cv_path_LDCXX='/usr/x86_64-pc-linux-gnu/bin/ld -m elf_x86_64'
lt_cv_path_NM='/usr/bin/nm -B'
lt_cv_path_SED=/bin/sed
lt_cv_prog_compiler_c_o=yes
lt_cv_prog_compiler_c_o_CXX=yes
lt_cv_prog_compiler_c_o_F77=yes
lt_cv_prog_compiler_rtti_exceptions=no
lt_cv_prog_gnu_ld=yes
lt_cv_prog_gnu_ldcxx=yes
lt_cv_sys_global_symbol_pipe='sed -n -e '\''s/^.*[ 	]\([ABCDGIRSTW][ABCDGIRSTW]*\)[ 	][ 	]*\([_A-Za-z][_A-Za-z0-9]*\)$/\1 \2 \2/p'\'''
lt_cv_sys_global_symbol_to_c_name_address='sed -n -e '\''s/^: \([^ ]*\) $/  {\"\1\", (lt_ptr) 0},/p'\'' -e '\''s/^[BCDEGRST] \([^ ]*\) \([^ ]*\)$/  {"\2", (lt_ptr) \&\2},/p'\'''
lt_cv_sys_global_symbol_to_cdecl='sed -n -e '\''s/^. .* \(.*\)$/extern int \1;/p'\'''
lt_cv_sys_max_cmd_len=32768
lt_lt_cv_prog_compiler_c_o='"yes"'
lt_lt_cv_prog_compiler_c_o_CXX='"yes"'
lt_lt_cv_prog_compiler_c_o_F77='"yes"'
lt_lt_cv_sys_global_symbol_pipe='"sed -n -e '\''s/^.*[ 	]\\([ABCDGIRSTW][ABCDGIRSTW]*\\)[ 	][ 	]*\\([_A-Za-z][_A-Za-z0-9]*\\)\$/\\1 \\2 \\2/p'\''"'
lt_lt_cv_sys_global_symbol_to_c_name_address='"sed -n -e '\''s/^: \\([^ ]*\\) \$/  {\\\"\\1\\\", (lt_ptr) 0},/p'\'' -e '\''s/^[BCDEGRST] \\([^ ]*\\) \\([^ ]*\\)\$/  {\"\\2\", (lt_ptr) \\&\\2},/p'\''"'
lt_lt_cv_sys_global_symbol_to_cdecl='"sed -n -e '\''s/^. .* \\(.*\\)\$/extern int \\1;/p'\''"'
pkg_cv_LIBPROJECTM_CFLAGS=' '
pkg_cv_LIBPROJECTM_LIBS='-lprojectM  '
pkg_cv_LIBVISUAL_CFLAGS='-I/usr/include/libvisual-0.4  '
pkg_cv_LIBVISUAL_LIBS='-lpthread -lm -ldl -lvisual-0.4  '

## ----------------- ##
## Output variables. ##
## ----------------- ##

ACLOCAL='${SHELL} /home/pete/trunk/src/projectM-libvisual/missing --run aclocal-1.9'
AMDEPBACKSLASH='\'
AMDEP_FALSE='#'
AMDEP_TRUE=''
AMTAR='${SHELL} /home/pete/trunk/src/projectM-libvisual/missing --run tar'
AR='ar'
AUTOCONF='${SHELL} /home/pete/trunk/src/projectM-libvisual/missing --run autoconf'
AUTOHEADER='${SHELL} /home/pete/trunk/src/projectM-libvisual/missing --run autoheader'
AUTOMAKE='${SHELL} /home/pete/trunk/src/projectM-libvisual/missing --run automake-1.9'
AWK='gawk'
CC='gcc'
CCDEPMODE='depmode=gcc3'
CFLAGS='-g -O2  '
CPP='gcc -E'
CPPFLAGS=''
CXX='g++'
CXXCPP='g++ -E'
CXXDEPMODE='depmode=gcc3'
CXXFLAGS='-g -O2    '
CYGPATH_W='echo'
DATADIR='${datarootdir}'
DEBUG_CFLAGS=''
DEFS='-DHAVE_CONFIG_H'
DEPDIR='.deps'
ECHO='echo'
ECHO_C=''
ECHO_N='-n'
ECHO_T=''
EGREP='/bin/grep -E'
EXEEXT=''
F77='gfortran'
FFLAGS='-g -O2'
GREP='/bin/grep'
HAVE_LIB_GL_FALSE='#'
HAVE_LIB_GL_TRUE=''
HAVE_XF86VMODE_FALSE='#'
HAVE_XF86VMODE_TRUE=''
HAVE_X_FALSE='#'
HAVE_X_TRUE=''
INSTALL_DATA='${INSTALL} -m 644'
INSTALL_PROGRAM='${INSTALL}'
INSTALL_SCRIPT='${INSTALL}'
INSTALL_STRIP_PROGRAM='${SHELL} $(install_sh) -c -s'
LDFLAGS=' -Wl,-rpath,/usr/lib64 -L/usr/lib64'
LIBOBJS=''
LIBPROJECTM_CFLAGS=' '
LIBPROJECTM_LIBS='-lprojectM  '
LIBS=''
LIBS_DYNAMIC_LOADER='-ldl'
LIBTOOL='$(SHELL) $(top_builddir)/libtool'
LIBVISUAL_CFLAGS='-I/usr/include/libvisual-0.4  '
LIBVISUAL_LIBS='-lpthread -lm -ldl -lvisual-0.4  '
LIBVISUAL_PLUGINS_BASE_DIR='/usr/lib64/libvisual-0.4'
LN_S='ln -s'
LTLIBOBJS=''
MAKEINFO='${SHELL} /home/pete/trunk/src/projectM-libvisual/missing --run makeinfo'
OBJEXT='o'
OPT_CFLAGS=''
PACKAGE='libvisual-projectm'
PACKAGE_BUGREPORT='psperl@sourceforge.net'
PACKAGE_NAME='Libvisual projectM'
PACKAGE_STRING='Libvisual projectM 0.98'
PACKAGE_TARNAME='libvisual-projectm'
PACKAGE_VERSION='0.98'
PATH_SEPARATOR=':'
PKG_CONFIG='/usr/bin/pkg-config'
PROJECTM='actor_projectM.la'
RANLIB='ranlib'
SED='/bin/sed'
SET_MAKE=''
SHELL='/bin/sh'
STRIP='strip'
VERSION='0.98'
XF86VM_LIB='-lXxf86vm'
XMKMF=''
ac_ct_CC='gcc'
ac_ct_CXX='g++'
ac_ct_F77='gfortran'
am__fastdepCC_FALSE='#'
am__fastdepCC_TRUE=''
am__fastdepCXX_FALSE='#'
am__fastdepCXX_TRUE=''
am__include='include'
am__leading_dot='.'
am__quote=''
am__tar='${AMTAR} chof - "$$tardir"'
am__untar='${AMTAR} xf -'
bindir='${exec_prefix}/bin'
build='x86_64-unknown-linux-gnu'
build_alias=''
build_cpu='x86_64'
build_os='linux-gnu'
build_vendor='unknown'
datadir='${datarootdir}'
datarootdir='${prefix}/share'
docdir='${datarootdir}/doc/${PACKAGE_TARNAME}'
dvidir='${docdir}'
exec_prefix='${prefix}'
host='x86_64-unknown-linux-gnu'
host_alias=''
host_cpu='x86_64'
host_os='linux-gnu'
host_vendor='unknown'
htmldir='${docdir}'
includedir='${prefix}/include'
infodir='${datarootdir}/info'
install_sh='/home/pete/trunk/src/projectM-libvisual/install-sh'
libdir='${exec_prefix}/lib'
libexecdir='${exec_prefix}/libexec'
localedir='${datarootdir}/locale'
localstatedir='${prefix}/var'
mandir='${datarootdir}/man'
mkdir_p='mkdir -p --'
oldincludedir='/usr/include'
pdfdir='${docdir}'
prefix='/usr/local'
program_transform_name='s,x,x,'
psdir='${docdir}'
sbindir='${exec_prefix}/sbin'
sharedstatedir='${prefix}/com'
sysconfdir='${prefix}/etc'
target_alias=''

## ----------- ##
## confdefs.h. ##
## ----------- ##

#define PACKAGE_NAME "Libvisual projectM"
#define PACKAGE_TARNAME "libvisual-projectm"
#define PACKAGE_VERSION "0.98"
#define PACKAGE_STRING "Libvisual projectM 0.98"
#define PACKAGE_BUGREPORT "psperl@sourceforge.net"
#define PACKAGE "libvisual-projectm"
#define VERSION "0.98"
#define STDC_HEADERS 1
#define HAVE_SYS_TYPES_H 1
#define HAVE_SYS_STAT_H 1
#define HAVE_STDLIB_H 1
#define HAVE_STRING_H 1
#define HAVE_MEMORY_H 1
#define HAVE_STRINGS_H 1
#define HAVE_INTTYPES_H 1
#define HAVE_STDINT_H 1
#define HAVE_UNISTD_H 1
#define HAVE_DLFCN_H 1
#define PROJECTM_SYSCONFDIR "/usr/share/projectM"
#define PROJECTM_DATADIR "/usr/share/projectM"
#define HAVE_X11_KEYSYM_H 1
#define HAVE_X11_X_H 1
#define HAVE_X11_XLIB_H 1
#define HAVE_X11_XUTIL_H 1
#define HAVE_GL_GL_H 1
#define HAVE_GL_GLX_H 1
#define HAVE_X11_EXTENSIONS_XF86VMODE_H 1
#define HAVE_XF86VMODE
#define TIME_WITH_SYS_TIME 1
#define HAVE_FCNTL_H 1
#define HAVE_UNISTD_H 1
#define HAVE_STDLIB_H 1
#define HAVE_STRING_H 1
#define HAVE_SYS_TIME_H 1
#define HAVE_STDLIB_H 1
#define HAVE_MALLOC 1
#define HAVE_GETTIMEOFDAY 1
#define HAVE_MEMMOVE 1
#define HAVE_MEMSET 1
#define HAVE_STDLIB_H 1
#define HAVE_UNISTD_H 1
#define HAVE_GETPAGESIZE 1
#define HAVE_MMAP 1

configure: exit 0

## ---------------------- ##
## Running config.status. ##
## ---------------------- ##

This file was extended by Libvisual projectM config.status 0.98, which was
generated by GNU Autoconf 2.61.  Invocation command line was

  CONFIG_FILES    = 
  CONFIG_HEADERS  = 
  CONFIG_LINKS    = 
  CONFIG_COMMANDS = 
  $ ./config.status 

on localhost

config.status:679: creating Makefile
config.status:679: creating config.h
config.status:925: config.h is unchanged
config.status:971: executing depfiles commands

## ---------------------- ##
## Running config.status. ##
## ---------------------- ##

This file was extended by Libvisual projectM config.status 0.98, which was
generated by GNU Autoconf 2.61.  Invocation command line was

  CONFIG_FILES    = 
  CONFIG_HEADERS  = 
  CONFIG_LINKS    = 
  CONFIG_COMMANDS = 
  $ ./config.status config.h

on localhost

config.status:679: creating config.h
config.status:925: config.h is unchanged
