This file contains any messages produced by compilers while
running configure, to aid debugging if configure makes a mistake.

It was created by jack-projectM plugin configure 1.00, which was
generated by GNU Autoconf 2.61.  Invocation command line was

  $ ./configure 

## --------- ##
## Platform. ##
## --------- ##

hostname = localhost
uname -m = x86_64
uname -r = 2.6.22-gentoo-r2
uname -s = Linux
uname -v = #1 SMP PREEMPT Fri Aug 3 17:17:47 EST 2007

/usr/bin/uname -p = Intel(R) Core(TM)2 CPU T7200 @ 2.00GHz
/bin/uname -X     = unknown

/bin/arch              = unknown
/usr/bin/arch -k       = unknown
/usr/convex/getsysinfo = unknown
/usr/bin/hostinfo      = unknown
/bin/machine           = unknown
/usr/bin/oslevel       = unknown
/bin/universe          = unknown

PATH: /usr/kde/3.5/bin
PATH: /usr/local/bin
PATH: /usr/bin
PATH: /bin
PATH: /opt/bin
PATH: /usr/x86_64-pc-linux-gnu/gcc-bin/4.1.2
PATH: /usr/kde/3.5/bin
PATH: /usr/qt/3/bin
PATH: /usr/games/bin


## ----------- ##
## Core tests. ##
## ----------- ##

configure:2030: checking for a BSD-compatible install
configure:2086: result: /usr/bin/install -c
configure:2097: checking whether build environment is sane
configure:2140: result: yes
configure:2168: checking for a thread-safe mkdir -p
configure:2207: result: /usr/bin/mkdir -p
configure:2220: checking for gawk
configure:2236: found /usr/bin/gawk
configure:2247: result: gawk
configure:2258: checking whether make sets $(MAKE)
configure:2279: result: yes
configure:2523: checking for gcc
configure:2539: found /usr/bin/gcc
configure:2550: result: gcc
configure:2788: checking for C compiler version
configure:2795: gcc --version >&5
gcc (GCC) 4.1.2 (Gentoo 4.1.2)
Copyright (C) 2006 Free Software Foundation, Inc.
This is free software; see the source for copying conditions.  There is NO
warranty; not even for MERCHANTABILITY or FITNESS FOR A PARTICULAR PURPOSE.

configure:2798: $? = 0
configure:2805: gcc -v >&5
Using built-in specs.
Target: x86_64-pc-linux-gnu
Configured with: /var/tmp/portage/sys-devel/gcc-4.1.2/work/gcc-4.1.2/configure --prefix=/usr --bindir=/usr/x86_64-pc-linux-gnu/gcc-bin/4.1.2 --includedir=/usr/lib/gcc/x86_64-pc-linux-gnu/4.1.2/include --datadir=/usr/share/gcc-data/x86_64-pc-linux-gnu/4.1.2 --mandir=/usr/share/gcc-data/x86_64-pc-linux-gnu/4.1.2/man --infodir=/usr/share/gcc-data/x86_64-pc-linux-gnu/4.1.2/info --with-gxx-include-dir=/usr/lib/gcc/x86_64-pc-linux-gnu/4.1.2/include/g++-v4 --host=x86_64-pc-linux-gnu --build=x86_64-pc-linux-gnu --disable-altivec --enable-nls --without-included-gettext --with-system-zlib --disable-checking --disable-werror --enable-secureplt --disable-libunwind-exceptions --enable-multilib --disable-libmudflap --disable-libssp --enable-languages=c,c++,java,fortran --enable-shared --enable-threads=posix --enable-__cxa_atexit --enable-clocale=gnu
Thread model: posix
gcc version 4.1.2 (Gentoo 4.1.2)
configure:2808: $? = 0
configure:2815: gcc -V >&5
gcc: '-V' option must have argument
configure:2818: $? = 1
configure:2841: checking for C compiler default output file name
configure:2868: gcc    conftest.c  >&5
configure:2871: $? = 0
configure:2909: result: a.out
configure:2926: checking whether the C compiler works
configure:2936: ./a.out
configure:2939: $? = 0
configure:2956: result: yes
configure:2963: checking whether we are cross compiling
configure:2965: result: no
configure:2968: checking for suffix of executables
configure:2975: gcc -o conftest    conftest.c  >&5
configure:2978: $? = 0
configure:3002: result: 
configure:3008: checking for suffix of object files
configure:3034: gcc -c   conftest.c >&5
configure:3037: $? = 0
configure:3060: result: o
configure:3064: checking whether we are using the GNU C compiler
configure:3093: gcc -c   conftest.c >&5
configure:3099: $? = 0
configure:3116: result: yes
configure:3121: checking whether gcc accepts -g
configure:3151: gcc -c -g  conftest.c >&5
configure:3157: $? = 0
configure:3256: result: yes
configure:3273: checking for gcc option to accept ISO C89
configure:3347: gcc  -c -g -O2  conftest.c >&5
configure:3353: $? = 0
configure:3376: result: none needed
configure:3405: checking for style of include used by make
configure:3433: result: GNU
configure:3458: checking dependency style of gcc
configure:3549: result: gcc3
configure:3622: checking for g++
configure:3638: found /usr/bin/g++
configure:3649: result: g++
configure:3680: checking for C++ compiler version
configure:3687: g++ --version >&5
g++ (GCC) 4.1.2 (Gentoo 4.1.2)
Copyright (C) 2006 Free Software Foundation, Inc.
This is free software; see the source for copying conditions.  There is NO
warranty; not even for MERCHANTABILITY or FITNESS FOR A PARTICULAR PURPOSE.

configure:3690: $? = 0
configure:3697: g++ -v >&5
Using built-in specs.
Target: x86_64-pc-linux-gnu
Configured with: /var/tmp/portage/sys-devel/gcc-4.1.2/work/gcc-4.1.2/configure --prefix=/usr --bindir=/usr/x86_64-pc-linux-gnu/gcc-bin/4.1.2 --includedir=/usr/lib/gcc/x86_64-pc-linux-gnu/4.1.2/include --datadir=/usr/share/gcc-data/x86_64-pc-linux-gnu/4.1.2 --mandir=/usr/share/gcc-data/x86_64-pc-linux-gnu/4.1.2/man --infodir=/usr/share/gcc-data/x86_64-pc-linux-gnu/4.1.2/info --with-gxx-include-dir=/usr/lib/gcc/x86_64-pc-linux-gnu/4.1.2/include/g++-v4 --host=x86_64-pc-linux-gnu --build=x86_64-pc-linux-gnu --disable-altivec --enable-nls --without-included-gettext --with-system-zlib --disable-checking --disable-werror --enable-secureplt --disable-libunwind-exceptions --enable-multilib --disable-libmudflap --disable-libssp --enable-languages=c,c++,java,fortran --enable-shared --enable-threads=posix --enable-__cxa_atexit --enable-clocale=gnu
Thread model: posix
gcc version 4.1.2 (Gentoo 4.1.2)
configure:3700: $? = 0
configure:3707: g++ -V >&5
g++: '-V' option must have argument
configure:3710: $? = 1
configure:3713: checking whether we are using the GNU C++ compiler
configure:3742: g++ -c   conftest.cpp >&5
configure:3748: $? = 0
configure:3765: result: yes
configure:3770: checking whether g++ accepts -g
configure:3800: g++ -c -g  conftest.cpp >&5
configure:3806: $? = 0
configure:3905: result: yes
configure:3930: checking dependency style of g++
configure:4021: result: gcc3
configure:4036: checking whether ln -s works
configure:4040: result: yes
configure:4127: checking build system type
configure:4145: result: x86_64-unknown-linux-gnu
configure:4167: checking host system type
configure:4182: result: x86_64-unknown-linux-gnu
configure:4204: checking for a sed that does not truncate output
configure:4260: result: /bin/sed
configure:4263: checking for grep that handles long lines and -e
configure:4337: result: /bin/grep
configure:4342: checking for egrep
configure:4420: result: /bin/grep -E
configure:4436: checking for ld used by gcc
configure:4503: result: /usr/x86_64-pc-linux-gnu/bin/ld
configure:4512: checking if the linker (/usr/x86_64-pc-linux-gnu/bin/ld) is GNU ld
configure:4527: result: yes
configure:4532: checking for /usr/x86_64-pc-linux-gnu/bin/ld option to reload object files
configure:4539: result: -r
configure:4557: checking for BSD-compatible nm
configure:4606: result: /usr/bin/nm -B
configure:4610: checking how to recognize dependent libraries
configure:4796: result: pass_all
configure:4885: gcc -c -g -O2  conftest.c >&5
configure:4888: $? = 0
configure:5037: checking how to run the C preprocessor
configure:5077: gcc -E  conftest.c
configure:5083: $? = 0
configure:5114: gcc -E  conftest.c
conftest.c:10:28: error: ac_nonexistent.h: No such file or directory
configure:5120: $? = 1
configure: failed program was:
| /* confdefs.h.  */
| #define PACKAGE_NAME "jack-projectM plugin"
| #define PACKAGE_TARNAME "jack-projectM"
| #define PACKAGE_VERSION "1.00"
| #define PACKAGE_STRING "jack-projectM plugin 1.00"
| #define PACKAGE_BUGREPORT "none "
| #define PACKAGE "jack-projectM"
| #define VERSION "1.00"
| /* end confdefs.h.  */
| #include <ac_nonexistent.h>
configure:5153: result: gcc -E
configure:5182: gcc -E  conftest.c
configure:5188: $? = 0
configure:5219: gcc -E  conftest.c
conftest.c:10:28: error: ac_nonexistent.h: No such file or directory
configure:5225: $? = 1
configure: failed program was:
| /* confdefs.h.  */
| #define PACKAGE_NAME "jack-projectM plugin"
| #define PACKAGE_TARNAME "jack-projectM"
| #define PACKAGE_VERSION "1.00"
| #define PACKAGE_STRING "jack-projectM plugin 1.00"
| #define PACKAGE_BUGREPORT "none "
| #define PACKAGE "jack-projectM"
| #define VERSION "1.00"
| /* end confdefs.h.  */
| #include <ac_nonexistent.h>
configure:5263: checking for ANSI C header files
configure:5293: gcc -c -g -O2  conftest.c >&5
configure:5299: $? = 0
configure:5398: gcc -o conftest -g -O2   conftest.c  >&5
configure:5401: $? = 0
configure:5407: ./conftest
configure:5410: $? = 0
configure:5427: result: yes
configure:5451: checking for sys/types.h
configure:5472: gcc -c -g -O2  conftest.c >&5
configure:5478: $? = 0
configure:5494: result: yes
configure:5451: checking for sys/stat.h
configure:5472: gcc -c -g -O2  conftest.c >&5
configure:5478: $? = 0
configure:5494: result: yes
configure:5451: checking for stdlib.h
configure:5472: gcc -c -g -O2  conftest.c >&5
configure:5478: $? = 0
configure:5494: result: yes
configure:5451: checking for string.h
configure:5472: gcc -c -g -O2  conftest.c >&5
configure:5478: $? = 0
configure:5494: result: yes
configure:5451: checking for memory.h
configure:5472: gcc -c -g -O2  conftest.c >&5
configure:5478: $? = 0
configure:5494: result: yes
configure:5451: checking for strings.h
configure:5472: gcc -c -g -O2  conftest.c >&5
configure:5478: $? = 0
configure:5494: result: yes
configure:5451: checking for inttypes.h
configure:5472: gcc -c -g -O2  conftest.c >&5
configure:5478: $? = 0
configure:5494: result: yes
configure:5451: checking for stdint.h
configure:5472: gcc -c -g -O2  conftest.c >&5
configure:5478: $? = 0
configure:5494: result: yes
configure:5451: checking for unistd.h
configure:5472: gcc -c -g -O2  conftest.c >&5
configure:5478: $? = 0
configure:5494: result: yes
configure:5521: checking dlfcn.h usability
configure:5538: gcc -c -g -O2  conftest.c >&5
configure:5544: $? = 0
configure:5558: result: yes
configure:5562: checking dlfcn.h presence
configure:5577: gcc -E  conftest.c
configure:5583: $? = 0
configure:5597: result: yes
configure:5630: checking for dlfcn.h
configure:5638: result: yes
configure:5661: checking how to run the C++ preprocessor
configure:5697: g++ -E  conftest.cpp
configure:5703: $? = 0
configure:5734: g++ -E  conftest.cpp
conftest.cpp:21:28: error: ac_nonexistent.h: No such file or directory
configure:5740: $? = 1
configure: failed program was:
| /* confdefs.h.  */
| #define PACKAGE_NAME "jack-projectM plugin"
| #define PACKAGE_TARNAME "jack-projectM"
| #define PACKAGE_VERSION "1.00"
| #define PACKAGE_STRING "jack-projectM plugin 1.00"
| #define PACKAGE_BUGREPORT "none "
| #define PACKAGE "jack-projectM"
| #define VERSION "1.00"
| #define STDC_HEADERS 1
| #define HAVE_SYS_TYPES_H 1
| #define HAVE_SYS_STAT_H 1
| #define HAVE_STDLIB_H 1
| #define HAVE_STRING_H 1
| #define HAVE_MEMORY_H 1
| #define HAVE_STRINGS_H 1
| #define HAVE_INTTYPES_H 1
| #define HAVE_STDINT_H 1
| #define HAVE_UNISTD_H 1
| #define HAVE_DLFCN_H 1
| /* end confdefs.h.  */
| #include <ac_nonexistent.h>
configure:5773: result: g++ -E
configure:5802: g++ -E  conftest.cpp
configure:5808: $? = 0
configure:5839: g++ -E  conftest.cpp
conftest.cpp:21:28: error: ac_nonexistent.h: No such file or directory
configure:5845: $? = 1
configure: failed program was:
| /* confdefs.h.  */
| #define PACKAGE_NAME "jack-projectM plugin"
| #define PACKAGE_TARNAME "jack-projectM"
| #define PACKAGE_VERSION "1.00"
| #define PACKAGE_STRING "jack-projectM plugin 1.00"
| #define PACKAGE_BUGREPORT "none "
| #define PACKAGE "jack-projectM"
| #define VERSION "1.00"
| #define STDC_HEADERS 1
| #define HAVE_SYS_TYPES_H 1
| #define HAVE_SYS_STAT_H 1
| #define HAVE_STDLIB_H 1
| #define HAVE_STRING_H 1
| #define HAVE_MEMORY_H 1
| #define HAVE_STRINGS_H 1
| #define HAVE_INTTYPES_H 1
| #define HAVE_STDINT_H 1
| #define HAVE_UNISTD_H 1
| #define HAVE_DLFCN_H 1
| /* end confdefs.h.  */
| #include <ac_nonexistent.h>
configure:5938: checking for g77
configure:5968: result: no
configure:5938: checking for xlf
configure:5968: result: no
configure:5938: checking for f77
configure:5968: result: no
configure:5938: checking for frt
configure:5968: result: no
configure:5938: checking for pgf77
configure:5968: result: no
configure:5938: checking for cf77
configure:5968: result: no
configure:5938: checking for fort77
configure:5968: result: no
configure:5938: checking for fl32
configure:5968: result: no
configure:5938: checking for af77
configure:5968: result: no
configure:5938: checking for xlf90
configure:5968: result: no
configure:5938: checking for f90
configure:5968: result: no
configure:5938: checking for pgf90
configure:5968: result: no
configure:5938: checking for pghpf
configure:5968: result: no
configure:5938: checking for epcf90
configure:5968: result: no
configure:5938: checking for gfortran
configure:5954: found /usr/bin/gfortran
configure:5965: result: gfortran
configure:5995: checking for Fortran 77 compiler version
configure:6002: gfortran --version >&5
GNU Fortran 95 (GCC) 4.1.2 (Gentoo 4.1.2)
Copyright (C) 2006 Free Software Foundation, Inc.

GNU Fortran comes with NO WARRANTY, to the extent permitted by law.
You may redistribute copies of GNU Fortran
under the terms of the GNU General Public License.
For more information about these matters, see the file named COPYING

configure:6005: $? = 0
configure:6012: gfortran -v >&5
Using built-in specs.
Target: x86_64-pc-linux-gnu
Configured with: /var/tmp/portage/sys-devel/gcc-4.1.2/work/gcc-4.1.2/configure --prefix=/usr --bindir=/usr/x86_64-pc-linux-gnu/gcc-bin/4.1.2 --includedir=/usr/lib/gcc/x86_64-pc-linux-gnu/4.1.2/include --datadir=/usr/share/gcc-data/x86_64-pc-linux-gnu/4.1.2 --mandir=/usr/share/gcc-data/x86_64-pc-linux-gnu/4.1.2/man --infodir=/usr/share/gcc-data/x86_64-pc-linux-gnu/4.1.2/info --with-gxx-include-dir=/usr/lib/gcc/x86_64-pc-linux-gnu/4.1.2/include/g++-v4 --host=x86_64-pc-linux-gnu --build=x86_64-pc-linux-gnu --disable-altivec --enable-nls --without-included-gettext --with-system-zlib --disable-checking --disable-werror --enable-secureplt --disable-libunwind-exceptions --enable-multilib --disable-libmudflap --disable-libssp --enable-languages=c,c++,java,fortran --enable-shared --enable-threads=posix --enable-__cxa_atexit --enable-clocale=gnu
Thread model: posix
gcc version 4.1.2 (Gentoo 4.1.2)
configure:6015: $? = 0
configure:6022: gfortran -V >&5
gfortran: '-V' option must have argument
configure:6025: $? = 1
configure:6033: checking whether we are using the GNU Fortran 77 compiler
configure:6052: gfortran -c  conftest.F >&5
configure:6058: $? = 0
configure:6075: result: yes
configure:6081: checking whether gfortran accepts -g
configure:6098: gfortran -c -g conftest.f >&5
configure:6104: $? = 0
configure:6120: result: yes
configure:6150: checking the maximum length of command line arguments
configure:6262: result: 98304
configure:6274: checking command to parse /usr/bin/nm -B output from gcc object
configure:6379: gcc -c -g -O2  conftest.c >&5
configure:6382: $? = 0
configure:6386: /usr/bin/nm -B conftest.o \| sed -n -e 's/^.*[ 	]\([ABCDGIRSTW][ABCDGIRSTW]*\)[ 	][ 	]*\([_A-Za-z][_A-Za-z0-9]*\)$/\1 \2 \2/p' \> conftest.nm
configure:6389: $? = 0
configure:6441: gcc -o conftest -g -O2   conftest.c conftstm.o >&5
configure:6444: $? = 0
configure:6482: result: ok
configure:6486: checking for objdir
configure:6501: result: .libs
configure:6593: checking for ar
configure:6609: found /usr/bin/ar
configure:6620: result: ar
configure:6689: checking for ranlib
configure:6705: found /usr/bin/ranlib
configure:6716: result: ranlib
configure:6785: checking for strip
configure:6801: found /usr/bin/strip
configure:6812: result: strip
configure:7049: checking for correct ltmain.sh version
configure:7099: result: yes
configure:7159: checking if gcc supports -fno-rtti -fno-exceptions
configure:7177: gcc -c -g -O2  -fno-rtti -fno-exceptions conftest.c >&5
cc1: warning: command line option "-fno-rtti" is valid for C++/ObjC++ but not for C
configure:7181: $? = 0
configure:7194: result: no
configure:7209: checking for gcc option to produce PIC
configure:7441: result: -fPIC
configure:7449: checking if gcc PIC flag -fPIC works
configure:7467: gcc -c -g -O2  -fPIC -DPIC conftest.c >&5
configure:7471: $? = 0
configure:7484: result: yes
configure:7512: checking if gcc static flag -static works
configure:7540: result: yes
configure:7550: checking if gcc supports -c -o file.o
configure:7571: gcc -c -g -O2  -o out/conftest2.o conftest.c >&5
configure:7575: $? = 0
configure:7597: result: yes
configure:7623: checking whether the gcc linker (/usr/x86_64-pc-linux-gnu/bin/ld -m elf_x86_64) supports shared libraries
configure:8603: result: yes
configure:8624: checking whether -lc should be explicitly linked in
configure:8629: gcc -c -g -O2  conftest.c >&5
configure:8632: $? = 0
configure:8647: gcc -shared conftest.o  -v -Wl,-soname -Wl,conftest -o conftest 2\>\&1 \| grep  -lc  \>/dev/null 2\>\&1
configure:8650: $? = 0
configure:8662: result: no
configure:8670: checking dynamic linker characteristics
configure:9285: result: GNU/Linux ld.so
configure:9294: checking how to hardcode library paths into programs
configure:9319: result: immediate
configure:9333: checking whether stripping libraries is possible
configure:9338: result: yes
configure:10140: checking if libtool supports shared libraries
configure:10142: result: yes
configure:10145: checking whether to build shared libraries
configure:10166: result: yes
configure:10169: checking whether to build static libraries
configure:10173: result: no
configure:10266: creating libtool
configure:10854: checking for ld used by g++
configure:10921: result: /usr/x86_64-pc-linux-gnu/bin/ld -m elf_x86_64
configure:10930: checking if the linker (/usr/x86_64-pc-linux-gnu/bin/ld -m elf_x86_64) is GNU ld
configure:10945: result: yes
configure:10996: checking whether the g++ linker (/usr/x86_64-pc-linux-gnu/bin/ld -m elf_x86_64) supports shared libraries
configure:11970: result: yes
configure:11988: g++ -c -g -O2  conftest.cpp >&5
configure:11991: $? = 0
configure:12143: checking for g++ option to produce PIC
configure:12427: result: -fPIC
configure:12435: checking if g++ PIC flag -fPIC works
configure:12453: g++ -c -g -O2  -fPIC -DPIC conftest.cpp >&5
configure:12457: $? = 0
configure:12470: result: yes
configure:12498: checking if g++ static flag -static works
configure:12526: result: yes
configure:12536: checking if g++ supports -c -o file.o
configure:12557: g++ -c -g -O2  -o out/conftest2.o conftest.cpp >&5
configure:12561: $? = 0
configure:12583: result: yes
configure:12609: checking whether the g++ linker (/usr/x86_64-pc-linux-gnu/bin/ld -m elf_x86_64) supports shared libraries
configure:12634: result: yes
configure:12701: checking dynamic linker characteristics
configure:13264: result: GNU/Linux ld.so
configure:13273: checking how to hardcode library paths into programs
configure:13298: result: immediate
configure:13832: checking if libtool supports shared libraries
configure:13834: result: yes
configure:13837: checking whether to build shared libraries
configure:13857: result: yes
configure:13860: checking whether to build static libraries
configure:13864: result: no
configure:13874: checking for gfortran option to produce PIC
configure:14106: result: -fPIC
configure:14114: checking if gfortran PIC flag -fPIC works
configure:14132: gfortran -c -g -O2 -fPIC conftest.f >&5
configure:14136: $? = 0
configure:14149: result: yes
configure:14177: checking if gfortran static flag -static works
configure:14205: result: yes
configure:14215: checking if gfortran supports -c -o file.o
configure:14236: gfortran -c -g -O2 -o out/conftest2.o conftest.f >&5
configure:14240: $? = 0
configure:14262: result: yes
configure:14288: checking whether the gfortran linker (/usr/x86_64-pc-linux-gnu/bin/ld -m elf_x86_64) supports shared libraries
configure:15248: result: yes
configure:15315: checking dynamic linker characteristics
configure:15878: result: GNU/Linux ld.so
configure:15887: checking how to hardcode library paths into programs
configure:15912: result: immediate
configure:19498: checking for pkg-config
configure:19516: found /usr/bin/pkg-config
configure:19529: result: /usr/bin/pkg-config
configure:19556: checking for unistd.h
configure:19562: result: yes
configure:19713: checking GL/gl.h usability
configure:19730: gcc -c -g -O2  conftest.c >&5
configure:19736: $? = 0
configure:19750: result: yes
configure:19754: checking GL/gl.h presence
configure:19769: gcc -E  conftest.c
configure:19775: $? = 0
configure:19789: result: yes
configure:19822: checking for GL/gl.h
configure:19830: result: yes
configure:19713: checking GL/glx.h usability
configure:19730: gcc -c -g -O2  conftest.c >&5
configure:19736: $? = 0
configure:19750: result: yes
configure:19754: checking GL/glx.h presence
configure:19769: gcc -E  conftest.c
configure:19775: $? = 0
configure:19789: result: yes
configure:19822: checking for GL/glx.h
configure:19830: result: yes
configure:19713: checking GL/glu.h usability
configure:19730: gcc -c -g -O2  conftest.c >&5
configure:19736: $? = 0
configure:19750: result: yes
configure:19754: checking GL/glu.h presence
configure:19769: gcc -E  conftest.c
configure:19775: $? = 0
configure:19789: result: yes
configure:19822: checking for GL/glu.h
configure:19830: result: yes
configure:19852: checking for an ANSI C-conforming const
configure:19927: gcc -c -g -O2  conftest.c >&5
configure:19933: $? = 0
configure:19948: result: yes
configure:19958: checking for inline
configure:19984: gcc -c -g -O2  conftest.c >&5
configure:19990: $? = 0
configure:20008: result: inline
configure:20137: checking pkg-config is at least version 0.9.0
configure:20140: result: yes
configure:20151: checking for JACK
configure:20159: $PKG_CONFIG --exists --print-errors "jack >= 0.0.0"
configure:20162: $? = 0
configure:20177: $PKG_CONFIG --exists --print-errors "jack >= 0.0.0"
configure:20180: $? = 0
configure:20216: result: yes
configure:20232: checking for LIBPROJECTM
configure:20240: $PKG_CONFIG --exists --print-errors "libprojectM >= 0.0.0"
configure:20243: $? = 0
configure:20258: $PKG_CONFIG --exists --print-errors "libprojectM >= 0.0.0"
configure:20261: $? = 0
configure:20297: result: yes
configure:20326: checking for sdl-config
configure:20344: found /usr/bin/sdl-config
configure:20357: result: /usr/bin/sdl-config
configure:20422: checking for sdl-config
configure:20453: result: /usr/bin/sdl-config
configure:20462: checking for SDL - version >= 1.2.5
configure:20559: gcc -o conftest -g -O2 -I/usr/include/SDL -D_GNU_SOURCE=1 -D_REENTRANT   conftest.c  -lSDL -lpthread >&5
configure:20562: $? = 0
configure:20568: ./conftest
configure:20571: $? = 0
configure:20592: result: yes
configure:20714: checking locale.h usability
configure:20731: gcc -c -g -O2  conftest.c >&5
configure:20737: $? = 0
configure:20751: result: yes
configure:20755: checking locale.h presence
configure:20770: gcc -E  conftest.c
configure:20776: $? = 0
configure:20790: result: yes
configure:20823: checking for locale.h
configure:20831: result: yes
configure:20845: checking for LC_MESSAGES
configure:20871: gcc -o conftest -g -O2   conftest.c  >&5
configure:20877: $? = 0
configure:20894: result: yes
configure:20923: checking libintl.h usability
configure:20940: gcc -c -g -O2  conftest.c >&5
configure:20946: $? = 0
configure:20960: result: yes
configure:20964: checking libintl.h presence
configure:20979: gcc -E  conftest.c
configure:20985: $? = 0
configure:20999: result: yes
configure:21032: checking for libintl.h
configure:21039: result: yes
configure:21050: checking for ngettext in libc
configure:21078: gcc -o conftest -g -O2   conftest.c  >&5
configure:21084: $? = 0
configure:21102: result: yes
configure:21106: checking for dgettext in libc
configure:21134: gcc -o conftest -g -O2   conftest.c  >&5
configure:21140: $? = 0
configure:21158: result: yes
configure:21167: checking for bind_textdomain_codeset
configure:21223: gcc -o conftest -g -O2   conftest.c  >&5
configure:21229: $? = 0
configure:21247: result: yes
configure:21734: checking for msgfmt
configure:21761: result: /usr/bin/msgfmt
configure:21774: checking for dcgettext
configure:21830: gcc -o conftest -g -O2   conftest.c   >&5
conftest.c:55: warning: conflicting types for built-in function 'dcgettext'
configure:21836: $? = 0
configure:21854: result: yes
configure:21865: checking if msgfmt accepts -c
configure:21880: $MSGFMT -c -o /dev/null conftest.foo
configure:21883: $? = 0
configure:21885: result: yes
configure:21895: checking for gmsgfmt
configure:21913: found /usr/bin/gmsgfmt
configure:21926: result: /usr/bin/gmsgfmt
configure:21936: checking for xgettext
configure:21963: result: /usr/bin/xgettext
configure:21992: gcc -o conftest -g -O2   conftest.c   >&5
configure:21998: $? = 0
configure:22167: checking for catalogs to be installed
configure:22192: result:  es es_AR pt_BR nl fr ru
configure:22238: checking wheter to enable profiling
configure:22245: result: no
configure:22256: checking whether to enable debug
configure:22265: result: no
configure:22277: checking wheter to enable extra optimizations
configure:22284: result: no
configure:22432: creating ./config.status

## ---------------------- ##
## Running config.status. ##
## ---------------------- ##

This file was extended by jack-projectM plugin config.status 1.00, which was
generated by GNU Autoconf 2.61.  Invocation command line was

  CONFIG_FILES    = 
  CONFIG_HEADERS  = 
  CONFIG_LINKS    = 
  CONFIG_COMMANDS = 
  $ ./config.status 

on localhost

config.status:694: creating Makefile
config.status:694: creating config.h
config.status:934: config.h is unchanged
config.status:980: executing depfiles commands
config.status:980: executing default-1 commands

## ---------------- ##
## Cache variables. ##
## ---------------- ##

ac_cv_build=x86_64-unknown-linux-gnu
ac_cv_c_compiler_gnu=yes
ac_cv_c_const=yes
ac_cv_c_inline=inline
ac_cv_cxx_compiler_gnu=yes
ac_cv_env_CCC_set=
ac_cv_env_CCC_value=
ac_cv_env_CC_set=
ac_cv_env_CC_value=
ac_cv_env_CFLAGS_set=
ac_cv_env_CFLAGS_value=
ac_cv_env_CPPFLAGS_set=
ac_cv_env_CPPFLAGS_value=
ac_cv_env_CPP_set=
ac_cv_env_CPP_value=
ac_cv_env_CXXCPP_set=
ac_cv_env_CXXCPP_value=
ac_cv_env_CXXFLAGS_set=
ac_cv_env_CXXFLAGS_value=
ac_cv_env_CXX_set=
ac_cv_env_CXX_value=
ac_cv_env_F77_set=
ac_cv_env_F77_value=
ac_cv_env_FFLAGS_set=
ac_cv_env_FFLAGS_value=
ac_cv_env_JACK_CFLAGS_set=
ac_cv_env_JACK_CFLAGS_value=
ac_cv_env_JACK_LIBS_set=
ac_cv_env_JACK_LIBS_value=
ac_cv_env_LDFLAGS_set=
ac_cv_env_LDFLAGS_value=
ac_cv_env_LIBPROJECTM_CFLAGS_set=
ac_cv_env_LIBPROJECTM_CFLAGS_value=
ac_cv_env_LIBPROJECTM_LIBS_set=
ac_cv_env_LIBPROJECTM_LIBS_value=
ac_cv_env_LIBS_set=
ac_cv_env_LIBS_value=
ac_cv_env_PKG_CONFIG_set=
ac_cv_env_PKG_CONFIG_value=
ac_cv_env_build_alias_set=
ac_cv_env_build_alias_value=
ac_cv_env_host_alias_set=
ac_cv_env_host_alias_value=
ac_cv_env_target_alias_set=
ac_cv_env_target_alias_value=
ac_cv_f77_compiler_gnu=yes
ac_cv_func_bind_textdomain_codeset=yes
ac_cv_func_dcgettext=yes
ac_cv_header_GL_gl_h=yes
ac_cv_header_GL_glu_h=yes
ac_cv_header_GL_glx_h=yes
ac_cv_header_dlfcn_h=yes
ac_cv_header_inttypes_h=yes
ac_cv_header_libintl_h=yes
ac_cv_header_locale_h=yes
ac_cv_header_memory_h=yes
ac_cv_header_stdc=yes
ac_cv_header_stdint_h=yes
ac_cv_header_stdlib_h=yes
ac_cv_header_string_h=yes
ac_cv_header_strings_h=yes
ac_cv_header_sys_stat_h=yes
ac_cv_header_sys_types_h=yes
ac_cv_header_unistd_h=yes
ac_cv_host=x86_64-unknown-linux-gnu
ac_cv_objext=o
ac_cv_path_EGREP='/bin/grep -E'
ac_cv_path_GMSGFMT=/usr/bin/gmsgfmt
ac_cv_path_GREP=/bin/grep
ac_cv_path_MSGFMT=/usr/bin/msgfmt
ac_cv_path_PKG_CONFIG=/usr/bin/pkg-config
ac_cv_path_SDL_CONFIG=/usr/bin/sdl-config
ac_cv_path_XGETTEXT=/usr/bin/xgettext
ac_cv_path_install='/usr/bin/install -c'
ac_cv_path_mkdir=/usr/bin/mkdir
ac_cv_prog_AWK=gawk
ac_cv_prog_CPP='gcc -E'
ac_cv_prog_CXXCPP='g++ -E'
ac_cv_prog_ac_ct_AR=ar
ac_cv_prog_ac_ct_CC=gcc
ac_cv_prog_ac_ct_CXX=g++
ac_cv_prog_ac_ct_F77=gfortran
ac_cv_prog_ac_ct_RANLIB=ranlib
ac_cv_prog_ac_ct_STRIP=strip
ac_cv_prog_cc_c89=
ac_cv_prog_cc_g=yes
ac_cv_prog_cxx_g=yes
ac_cv_prog_f77_g=yes
ac_cv_prog_make_make_set=yes
am_cv_CC_dependencies_compiler_type=gcc3
am_cv_CXX_dependencies_compiler_type=gcc3
am_cv_val_LC_MESSAGES=yes
gt_cv_func_dgettext_libc=yes
gt_cv_func_dgettext_libintl=no
gt_cv_func_ngettext_libc=yes
gt_cv_have_gettext=yes
lt_cv_deplibs_check_method=pass_all
lt_cv_file_magic_cmd='$MAGIC_CMD'
lt_cv_file_magic_test_file=
lt_cv_ld_reload_flag=-r
lt_cv_objdir=.libs
lt_cv_path_LD=/usr/x86_64-pc-linux-gnu/bin/ld
lt_cv_path_LDCXX='/usr/x86_64-pc-linux-gnu/bin/ld -m elf_x86_64'
lt_cv_path_NM='/usr/bin/nm -B'
lt_cv_path_SED=/bin/sed
lt_cv_prog_compiler_c_o=yes
lt_cv_prog_compiler_c_o_CXX=yes
lt_cv_prog_compiler_c_o_F77=yes
lt_cv_prog_compiler_rtti_exceptions=no
lt_cv_prog_gnu_ld=yes
lt_cv_prog_gnu_ldcxx=yes
lt_cv_sys_global_symbol_pipe='sed -n -e '\''s/^.*[ 	]\([ABCDGIRSTW][ABCDGIRSTW]*\)[ 	][ 	]*\([_A-Za-z][_A-Za-z0-9]*\)$/\1 \2 \2/p'\'''
lt_cv_sys_global_symbol_to_c_name_address='sed -n -e '\''s/^: \([^ ]*\) $/  {\"\1\", (lt_ptr) 0},/p'\'' -e '\''s/^[BCDEGRST] \([^ ]*\) \([^ ]*\)$/  {"\2", (lt_ptr) \&\2},/p'\'''
lt_cv_sys_global_symbol_to_cdecl='sed -n -e '\''s/^. .* \(.*\)$/extern int \1;/p'\'''
lt_cv_sys_max_cmd_len=98304
lt_lt_cv_prog_compiler_c_o='"yes"'
lt_lt_cv_prog_compiler_c_o_CXX='"yes"'
lt_lt_cv_prog_compiler_c_o_F77='"yes"'
lt_lt_cv_sys_global_symbol_pipe='"sed -n -e '\''s/^.*[ 	]\\([ABCDGIRSTW][ABCDGIRSTW]*\\)[ 	][ 	]*\\([_A-Za-z][_A-Za-z0-9]*\\)\$/\\1 \\2 \\2/p'\''"'
lt_lt_cv_sys_global_symbol_to_c_name_address='"sed -n -e '\''s/^: \\([^ ]*\\) \$/  {\\\"\\1\\\", (lt_ptr) 0},/p'\'' -e '\''s/^[BCDEGRST] \\([^ ]*\\) \\([^ ]*\\)\$/  {\"\\2\", (lt_ptr) \\&\\2},/p'\''"'
lt_lt_cv_sys_global_symbol_to_cdecl='"sed -n -e '\''s/^. .* \\(.*\\)\$/extern int \\1;/p'\''"'
pkg_cv_JACK_CFLAGS=' '
pkg_cv_JACK_LIBS='-ljack -lpthread -lrt  '
pkg_cv_LIBPROJECTM_CFLAGS=' '
pkg_cv_LIBPROJECTM_LIBS='-lprojectM  '

## ----------------- ##
## Output variables. ##
## ----------------- ##

ACLOCAL='${SHELL} /home/pete/jack-projectM/missing --run aclocal-1.10'
AMDEPBACKSLASH='\'
AMDEP_FALSE='#'
AMDEP_TRUE=''
AMTAR='${SHELL} /home/pete/jack-projectM/missing --run tar'
AR='ar'
AUTOCONF='${SHELL} /home/pete/jack-projectM/missing --run autoconf'
AUTOHEADER='${SHELL} /home/pete/jack-projectM/missing --run autoheader'
AUTOMAKE='${SHELL} /home/pete/jack-projectM/missing --run automake-1.10'
AWK='gawk'
BUILD_ACTOR=''
BUILD_INPUT=''
CATALOGS=' es.gmo es_AR.gmo pt_BR.gmo nl.gmo fr.gmo ru.gmo'
CATOBJEXT='.gmo'
CC='gcc'
CCDEPMODE='depmode=gcc3'
CFLAGS='-g -O2  '
CPP='gcc -E'
CPPFLAGS=''
CXX='g++'
CXXCPP='g++ -E'
CXXDEPMODE='depmode=gcc3'
CXXFLAGS='-g -O2'
CYGPATH_W='echo'
DATADIRNAME='share'
DEBUG_CFLAGS=''
DEFS='-DHAVE_CONFIG_H'
DEPDIR='.deps'
ECHO='echo'
ECHO_C=''
ECHO_N='-n'
ECHO_T=''
EGREP='/bin/grep -E'
EXEEXT=''
F77='gfortran'
FFLAGS='-g -O2'
GETTEXT_PACKAGE='jack-projectM'
GMOFILES=' es.gmo es_AR.gmo pt_BR.gmo nl.gmo fr.gmo ru.gmo'
GMSGFMT='/usr/bin/gmsgfmt'
GREP='/bin/grep'
INSTALL_DATA='${INSTALL} -m 644'
INSTALL_PROGRAM='${INSTALL}'
INSTALL_SCRIPT='${INSTALL}'
INSTALL_STRIP_PROGRAM='$(install_sh) -c -s'
INSTOBJEXT='.mo'
INTLLIBS=''
JACK_CFLAGS=' '
JACK_LIBS='-ljack -lpthread -lrt  '
LDFLAGS=''
LIBOBJS=''
LIBPROJECTM_CFLAGS=' '
LIBPROJECTM_LIBS='-lprojectM  '
LIBS=''
LIBS_DYNAMIC_LOADER='-ldl'
LIBTOOL='$(SHELL) $(top_builddir)/libtool'
LN_S='ln -s'
LTLIBOBJS=''
MAKEINFO='${SHELL} /home/pete/jack-projectM/missing --run makeinfo'
MKINSTALLDIRS='./mkinstalldirs'
MSGFMT='/usr/bin/msgfmt'
MSGFMT_OPTS='-c'
OBJEXT='o'
OPT_CFLAGS=''
PACKAGE='jack-projectM'
PACKAGE_BUGREPORT='none '
PACKAGE_NAME='jack-projectM plugin'
PACKAGE_STRING='jack-projectM plugin 1.00'
PACKAGE_TARNAME='jack-projectM'
PACKAGE_VERSION='1.00'
PATH_SEPARATOR=':'
PKG_CONFIG='/usr/bin/pkg-config'
POFILES=' es.po es_AR.po pt_BR.po nl.po fr.po ru.po'
POSUB='po'
PO_IN_DATADIR_FALSE=''
PO_IN_DATADIR_TRUE=''
RANLIB='ranlib'
SDL_CFLAGS='-I/usr/include/SDL -D_GNU_SOURCE=1 -D_REENTRANT'
SDL_CONFIG='/usr/bin/sdl-config'
SDL_LIBS='-lSDL -lpthread'
SED='/bin/sed'
SET_MAKE=''
SHELL='/bin/sh'
STRIP='strip'
USE_NLS='yes'
VERSION='1.00'
XGETTEXT='/usr/bin/xgettext'
ac_ct_CC='gcc'
ac_ct_CXX='g++'
ac_ct_F77='gfortran'
am__fastdepCC_FALSE='#'
am__fastdepCC_TRUE=''
am__fastdepCXX_FALSE='#'
am__fastdepCXX_TRUE=''
am__include='include'
am__isrc=''
am__leading_dot='.'
am__quote=''
am__tar='${AMTAR} chof - "$$tardir"'
am__untar='${AMTAR} xf -'
bindir='${exec_prefix}/bin'
build='x86_64-unknown-linux-gnu'
build_alias=''
build_cpu='x86_64'
build_os='linux-gnu'
build_vendor='unknown'
datadir='${datarootdir}'
datarootdir='${prefix}/share'
docdir='${datarootdir}/doc/${PACKAGE_TARNAME}'
dvidir='${docdir}'
exec_prefix='${prefix}'
host='x86_64-unknown-linux-gnu'
host_alias=''
host_cpu='x86_64'
host_os='linux-gnu'
host_vendor='unknown'
htmldir='${docdir}'
includedir='${prefix}/include'
infodir='${datarootdir}/info'
install_sh='$(SHELL) /home/pete/jack-projectM/install-sh'
libdir='${exec_prefix}/lib'
libexecdir='${exec_prefix}/libexec'
localedir='${datarootdir}/locale'
localstatedir='${prefix}/var'
mandir='${datarootdir}/man'
mkdir_p='/usr/bin/mkdir -p'
oldincludedir='/usr/include'
pdfdir='${docdir}'
prefix='/usr/local'
program_transform_name='s,x,x,'
psdir='${docdir}'
sbindir='${exec_prefix}/sbin'
sharedstatedir='${prefix}/com'
sysconfdir='${prefix}/etc'
target_alias=''

## ----------- ##
## confdefs.h. ##
## ----------- ##

#define PACKAGE_NAME "jack-projectM plugin"
#define PACKAGE_TARNAME "jack-projectM"
#define PACKAGE_VERSION "1.00"
#define PACKAGE_STRING "jack-projectM plugin 1.00"
#define PACKAGE_BUGREPORT "none "
#define PACKAGE "jack-projectM"
#define VERSION "1.00"
#define STDC_HEADERS 1
#define HAVE_SYS_TYPES_H 1
#define HAVE_SYS_STAT_H 1
#define HAVE_STDLIB_H 1
#define HAVE_STRING_H 1
#define HAVE_MEMORY_H 1
#define HAVE_STRINGS_H 1
#define HAVE_INTTYPES_H 1
#define HAVE_STDINT_H 1
#define HAVE_UNISTD_H 1
#define HAVE_DLFCN_H 1
#define HAVE_UNISTD_H 1
#define HAVE_GL_GL_H 1
#define HAVE_GL_GLX_H 1
#define HAVE_GL_GLU_H 1
#define PROJECTM_SYSCONFDIR "/usr/share/projectM"
#define PROJECTM_DATADIR "/usr/share/projectM"
#define GETTEXT_PACKAGE "jack-projectM"
#define HAVE_LOCALE_H 1
#define HAVE_LC_MESSAGES 1
#define HAVE_BIND_TEXTDOMAIN_CODESET 1
#define HAVE_GETTEXT 1
#define HAVE_DCGETTEXT 1
#define ENABLE_NLS 1

configure: exit 0

## ---------------------- ##
## Running config.status. ##
## ---------------------- ##

This file was extended by jack-projectM plugin config.status 1.00, which was
generated by GNU Autoconf 2.61.  Invocation command line was

  CONFIG_FILES    = 
  CONFIG_HEADERS  = 
  CONFIG_LINKS    = 
  CONFIG_COMMANDS = 
  $ ./config.status Makefile depfiles

on localhost

config.status:694: creating Makefile
config.status:980: executing depfiles commands

## ---------------------- ##
## Running config.status. ##
## ---------------------- ##

This file was extended by jack-projectM plugin config.status 1.00, which was
generated by GNU Autoconf 2.61.  Invocation command line was

  CONFIG_FILES    = 
  CONFIG_HEADERS  = 
  CONFIG_LINKS    = 
  CONFIG_COMMANDS = 
  $ ./config.status Makefile depfiles

on localhost

config.status:694: creating Makefile
config.status:980: executing depfiles commands

## ---------------------- ##
## Running config.status. ##
## ---------------------- ##

This file was extended by jack-projectM plugin config.status 1.00, which was
generated by GNU Autoconf 2.61.  Invocation command line was

  CONFIG_FILES    = 
  CONFIG_HEADERS  = 
  CONFIG_LINKS    = 
  CONFIG_COMMANDS = 
  $ ./config.status Makefile depfiles

on localhost

config.status:694: creating Makefile
config.status:980: executing depfiles commands
